[0.086s] DEBUG:colcon:Command line arguments: ['/usr/bin/colcon', 'build']
[0.087s] DEBUG:colcon:Parsed command line arguments: Namespace(log_base=None, log_level=None, verb_name='build', build_base='build', install_base='install', merge_install=False, symlink_install=False, test_result_base=None, continue_on_error=False, executor='parallel', parallel_workers=16, event_handlers=None, ignore_user_meta=False, metas=['./colcon.meta'], base_paths=['.'], packages_ignore=None, packages_ignore_regex=None, paths=None, packages_up_to=None, packages_up_to_regex=None, packages_above=None, packages_above_and_dependencies=None, packages_above_depth=None, packages_select_by_dep=None, packages_skip_by_dep=None, packages_skip_up_to=None, packages_select_build_failed=False, packages_skip_build_finished=False, packages_select_test_failures=False, packages_skip_test_passed=False, packages_select=None, packages_skip=None, packages_select_regex=None, packages_skip_regex=None, packages_start=None, packages_end=None, allow_overriding=[], cmake_args=None, cmake_target=None, cmake_target_skip_unavailable=False, cmake_clean_cache=False, cmake_clean_first=False, cmake_force_configure=False, ament_cmake_args=None, catkin_cmake_args=None, catkin_skip_building_tests=False, verb_parser=<colcon_defaults.argument_parser.defaults.DefaultArgumentsDecorator object at 0x7ce39d828a60>, verb_extension=<colcon_core.verb.build.BuildVerb object at 0x7ce39d93d6f0>, main=<bound method BuildVerb.main of <colcon_core.verb.build.BuildVerb object at 0x7ce39d93d6f0>>)
[0.239s] Level 1:colcon.colcon_core.package_discovery:discover_packages(colcon_meta) check parameters
[0.239s] Level 1:colcon.colcon_core.package_discovery:discover_packages(recursive) check parameters
[0.239s] Level 1:colcon.colcon_core.package_discovery:discover_packages(ignore) check parameters
[0.239s] Level 1:colcon.colcon_core.package_discovery:discover_packages(path) check parameters
[0.239s] Level 1:colcon.colcon_core.package_discovery:discover_packages(colcon_meta) discover
[0.239s] Level 1:colcon.colcon_core.package_discovery:discover_packages(recursive) discover
[0.239s] INFO:colcon.colcon_core.package_discovery:Crawling recursively for packages in '/home/dworf/And'
[0.239s] Level 1:colcon.colcon_core.package_identification:_identify(.) by extensions ['ignore', 'ignore_ament_install']
[0.239s] Level 1:colcon.colcon_core.package_identification:_identify(.) by extension 'ignore'
[0.239s] Level 1:colcon.colcon_core.package_identification:_identify(.) by extension 'ignore_ament_install'
[0.239s] Level 1:colcon.colcon_core.package_identification:_identify(.) by extensions ['colcon_pkg']
[0.239s] Level 1:colcon.colcon_core.package_identification:_identify(.) by extension 'colcon_pkg'
[0.239s] Level 1:colcon.colcon_core.package_identification:_identify(.) by extensions ['colcon_meta']
[0.239s] Level 1:colcon.colcon_core.package_identification:_identify(.) by extension 'colcon_meta'
[0.239s] Level 1:colcon.colcon_core.package_identification:_identify(.) by extensions ['ros']
[0.239s] Level 1:colcon.colcon_core.package_identification:_identify(.) by extension 'ros'
[0.250s] Level 1:colcon.colcon_core.package_identification:_identify(.) by extensions ['cmake', 'python']
[0.250s] Level 1:colcon.colcon_core.package_identification:_identify(.) by extension 'cmake'
[0.250s] Level 1:colcon.colcon_core.package_identification:_identify(.) by extension 'python'
[0.250s] Level 1:colcon.colcon_core.package_identification:_identify(.) by extensions ['python_setup_py']
[0.250s] Level 1:colcon.colcon_core.package_identification:_identify(.) by extension 'python_setup_py'
[0.250s] Level 1:colcon.colcon_core.package_identification:_identify(build) by extensions ['ignore', 'ignore_ament_install']
[0.250s] Level 1:colcon.colcon_core.package_identification:_identify(build) by extension 'ignore'
[0.251s] Level 1:colcon.colcon_core.package_identification:_identify(build) ignored
[0.251s] Level 1:colcon.colcon_core.package_identification:_identify(install) by extensions ['ignore', 'ignore_ament_install']
[0.251s] Level 1:colcon.colcon_core.package_identification:_identify(install) by extension 'ignore'
[0.251s] Level 1:colcon.colcon_core.package_identification:_identify(install) ignored
[0.251s] Level 1:colcon.colcon_core.package_identification:_identify(log) by extensions ['ignore', 'ignore_ament_install']
[0.251s] Level 1:colcon.colcon_core.package_identification:_identify(log) by extension 'ignore'
[0.251s] Level 1:colcon.colcon_core.package_identification:_identify(log) ignored
[0.251s] Level 1:colcon.colcon_core.package_identification:_identify(src) by extensions ['ignore', 'ignore_ament_install']
[0.251s] Level 1:colcon.colcon_core.package_identification:_identify(src) by extension 'ignore'
[0.251s] Level 1:colcon.colcon_core.package_identification:_identify(src) by extension 'ignore_ament_install'
[0.251s] Level 1:colcon.colcon_core.package_identification:_identify(src) by extensions ['colcon_pkg']
[0.251s] Level 1:colcon.colcon_core.package_identification:_identify(src) by extension 'colcon_pkg'
[0.251s] Level 1:colcon.colcon_core.package_identification:_identify(src) by extensions ['colcon_meta']
[0.251s] Level 1:colcon.colcon_core.package_identification:_identify(src) by extension 'colcon_meta'
[0.251s] Level 1:colcon.colcon_core.package_identification:_identify(src) by extensions ['ros']
[0.251s] Level 1:colcon.colcon_core.package_identification:_identify(src) by extension 'ros'
[0.251s] Level 1:colcon.colcon_core.package_identification:_identify(src) by extensions ['cmake', 'python']
[0.251s] Level 1:colcon.colcon_core.package_identification:_identify(src) by extension 'cmake'
[0.251s] Level 1:colcon.colcon_core.package_identification:_identify(src) by extension 'python'
[0.251s] Level 1:colcon.colcon_core.package_identification:_identify(src) by extensions ['python_setup_py']
[0.251s] Level 1:colcon.colcon_core.package_identification:_identify(src) by extension 'python_setup_py'
[0.251s] Level 1:colcon.colcon_core.package_identification:_identify(src/cpp) by extensions ['ignore', 'ignore_ament_install']
[0.252s] Level 1:colcon.colcon_core.package_identification:_identify(src/cpp) by extension 'ignore'
[0.252s] Level 1:colcon.colcon_core.package_identification:_identify(src/cpp) by extension 'ignore_ament_install'
[0.252s] Level 1:colcon.colcon_core.package_identification:_identify(src/cpp) by extensions ['colcon_pkg']
[0.252s] Level 1:colcon.colcon_core.package_identification:_identify(src/cpp) by extension 'colcon_pkg'
[0.252s] Level 1:colcon.colcon_core.package_identification:_identify(src/cpp) by extensions ['colcon_meta']
[0.252s] Level 1:colcon.colcon_core.package_identification:_identify(src/cpp) by extension 'colcon_meta'
[0.252s] Level 1:colcon.colcon_core.package_identification:_identify(src/cpp) by extensions ['ros']
[0.252s] Level 1:colcon.colcon_core.package_identification:_identify(src/cpp) by extension 'ros'
[0.254s] DEBUG:colcon.colcon_core.package_identification:Package 'src/cpp' with type 'ros.ament_cmake' and name 'cpp'
[0.254s] Level 1:colcon.colcon_core.package_identification:_identify(src/factarial) by extensions ['ignore', 'ignore_ament_install']
[0.254s] Level 1:colcon.colcon_core.package_identification:_identify(src/factarial) by extension 'ignore'
[0.254s] Level 1:colcon.colcon_core.package_identification:_identify(src/factarial) by extension 'ignore_ament_install'
[0.254s] Level 1:colcon.colcon_core.package_identification:_identify(src/factarial) by extensions ['colcon_pkg']
[0.254s] Level 1:colcon.colcon_core.package_identification:_identify(src/factarial) by extension 'colcon_pkg'
[0.254s] Level 1:colcon.colcon_core.package_identification:_identify(src/factarial) by extensions ['colcon_meta']
[0.254s] Level 1:colcon.colcon_core.package_identification:_identify(src/factarial) by extension 'colcon_meta'
[0.254s] Level 1:colcon.colcon_core.package_identification:_identify(src/factarial) by extensions ['ros']
[0.254s] Level 1:colcon.colcon_core.package_identification:_identify(src/factarial) by extension 'ros'
[0.255s] DEBUG:colcon.colcon_core.package_identification:Package 'src/factarial' with type 'ros.ament_cmake' and name 'factarial'
[0.255s] Level 1:colcon.colcon_core.package_discovery:discover_packages(recursive) using defaults
[0.255s] Level 1:colcon.colcon_core.package_discovery:discover_packages(ignore) discover
[0.255s] Level 1:colcon.colcon_core.package_discovery:discover_packages(ignore) using defaults
[0.255s] Level 1:colcon.colcon_core.package_discovery:discover_packages(path) discover
[0.255s] Level 1:colcon.colcon_core.package_discovery:discover_packages(path) using defaults
[0.282s] Level 1:colcon.colcon_core.package_discovery:discover_packages(prefix_path) check parameters
[0.282s] Level 1:colcon.colcon_core.package_discovery:discover_packages(prefix_path) discover
[0.284s] DEBUG:colcon.colcon_installed_package_information.package_discovery:Found 5 installed packages in /home/dworf/test/install
[0.284s] DEBUG:colcon.colcon_installed_package_information.package_discovery:Found 4 installed packages in /home/dworf/Firmware2/install
[0.285s] DEBUG:colcon.colcon_installed_package_information.package_discovery:Found 3 installed packages in /home/dworf/PinkDemon/install
[0.286s] DEBUG:colcon.colcon_installed_package_information.package_discovery:Found 332 installed packages in /opt/ros/humble
[0.287s] Level 1:colcon.colcon_core.package_discovery:discover_packages(prefix_path) using defaults
[0.322s] Level 5:colcon.colcon_core.verb:set package 'cpp' build argument 'cmake_args' from command line to 'None'
[0.322s] Level 5:colcon.colcon_core.verb:set package 'cpp' build argument 'cmake_target' from command line to 'None'
[0.322s] Level 5:colcon.colcon_core.verb:set package 'cpp' build argument 'cmake_target_skip_unavailable' from command line to 'False'
[0.322s] Level 5:colcon.colcon_core.verb:set package 'cpp' build argument 'cmake_clean_cache' from command line to 'False'
[0.322s] Level 5:colcon.colcon_core.verb:set package 'cpp' build argument 'cmake_clean_first' from command line to 'False'
[0.322s] Level 5:colcon.colcon_core.verb:set package 'cpp' build argument 'cmake_force_configure' from command line to 'False'
[0.322s] Level 5:colcon.colcon_core.verb:set package 'cpp' build argument 'ament_cmake_args' from command line to 'None'
[0.322s] Level 5:colcon.colcon_core.verb:set package 'cpp' build argument 'catkin_cmake_args' from command line to 'None'
[0.322s] Level 5:colcon.colcon_core.verb:set package 'cpp' build argument 'catkin_skip_building_tests' from command line to 'False'
[0.322s] DEBUG:colcon.colcon_core.verb:Building package 'cpp' with the following arguments: {'ament_cmake_args': None, 'build_base': '/home/dworf/And/build/cpp', 'catkin_cmake_args': None, 'catkin_skip_building_tests': False, 'cmake_args': None, 'cmake_clean_cache': False, 'cmake_clean_first': False, 'cmake_force_configure': False, 'cmake_target': None, 'cmake_target_skip_unavailable': False, 'install_base': '/home/dworf/And/install/cpp', 'merge_install': False, 'path': '/home/dworf/And/src/cpp', 'symlink_install': False, 'test_result_base': None}
[0.322s] Level 5:colcon.colcon_core.verb:set package 'factarial' build argument 'cmake_args' from command line to 'None'
[0.322s] Level 5:colcon.colcon_core.verb:set package 'factarial' build argument 'cmake_target' from command line to 'None'
[0.322s] Level 5:colcon.colcon_core.verb:set package 'factarial' build argument 'cmake_target_skip_unavailable' from command line to 'False'
[0.322s] Level 5:colcon.colcon_core.verb:set package 'factarial' build argument 'cmake_clean_cache' from command line to 'False'
[0.322s] Level 5:colcon.colcon_core.verb:set package 'factarial' build argument 'cmake_clean_first' from command line to 'False'
[0.322s] Level 5:colcon.colcon_core.verb:set package 'factarial' build argument 'cmake_force_configure' from command line to 'False'
[0.322s] Level 5:colcon.colcon_core.verb:set package 'factarial' build argument 'ament_cmake_args' from command line to 'None'
[0.322s] Level 5:colcon.colcon_core.verb:set package 'factarial' build argument 'catkin_cmake_args' from command line to 'None'
[0.322s] Level 5:colcon.colcon_core.verb:set package 'factarial' build argument 'catkin_skip_building_tests' from command line to 'False'
[0.322s] DEBUG:colcon.colcon_core.verb:Building package 'factarial' with the following arguments: {'ament_cmake_args': None, 'build_base': '/home/dworf/And/build/factarial', 'catkin_cmake_args': None, 'catkin_skip_building_tests': False, 'cmake_args': None, 'cmake_clean_cache': False, 'cmake_clean_first': False, 'cmake_force_configure': False, 'cmake_target': None, 'cmake_target_skip_unavailable': False, 'install_base': '/home/dworf/And/install/factarial', 'merge_install': False, 'path': '/home/dworf/And/src/factarial', 'symlink_install': False, 'test_result_base': None}
[0.322s] INFO:colcon.colcon_core.executor:Executing jobs using 'parallel' executor
[0.323s] DEBUG:colcon.colcon_parallel_executor.executor.parallel:run_until_complete
[0.323s] INFO:colcon.colcon_ros.task.ament_cmake.build:Building ROS package in '/home/dworf/And/src/cpp' with build type 'ament_cmake'
[0.324s] INFO:colcon.colcon_cmake.task.cmake.build:Building CMake package in '/home/dworf/And/src/cpp'
[0.327s] INFO:colcon.colcon_core.plugin_system:Skipping extension 'colcon_core.shell.bat': Not used on non-Windows systems
[0.327s] INFO:colcon.colcon_core.shell:Skip shell extension 'powershell' for command environment: Not usable outside of PowerShell
[0.327s] DEBUG:colcon.colcon_core.shell:Skip shell extension 'dsv' for command environment
[0.331s] INFO:colcon.colcon_ros.task.ament_cmake.build:Building ROS package in '/home/dworf/And/src/factarial' with build type 'ament_cmake'
[0.331s] INFO:colcon.colcon_cmake.task.cmake.build:Building CMake package in '/home/dworf/And/src/factarial'
[0.332s] INFO:colcon.colcon_core.shell:Skip shell extension 'powershell' for command environment: Not usable outside of PowerShell
[0.332s] DEBUG:colcon.colcon_core.shell:Skip shell extension 'dsv' for command environment
[0.339s] DEBUG:colcon.colcon_core.event_handler.log_command:Invoking command in '/home/dworf/And/build/cpp': CMAKE_PREFIX_PATH=${CMAKE_PREFIX_PATH}:/home/dworf/test/install/drontest:/home/dworf/Firmware2/install/aerobot_gz_sim:/home/dworf/PinkDemon/install/pink_demon:/opt/ros/humble /usr/bin/cmake /home/dworf/And/src/cpp -DCMAKE_INSTALL_PREFIX=/home/dworf/And/install/cpp
[0.343s] DEBUG:colcon.colcon_core.event_handler.log_command:Invoking command in '/home/dworf/And/build/factarial': CMAKE_PREFIX_PATH=${CMAKE_PREFIX_PATH}:/home/dworf/test/install/drontest:/home/dworf/Firmware2/install/aerobot_gz_sim:/home/dworf/PinkDemon/install/pink_demon:/opt/ros/humble /usr/bin/cmake /home/dworf/And/src/factarial -DCMAKE_INSTALL_PREFIX=/home/dworf/And/install/factarial
[1.467s] DEBUG:colcon.colcon_core.event_handler.log_command:Invoked command in '/home/dworf/And/build/factarial' returned '0': CMAKE_PREFIX_PATH=${CMAKE_PREFIX_PATH}:/home/dworf/test/install/drontest:/home/dworf/Firmware2/install/aerobot_gz_sim:/home/dworf/PinkDemon/install/pink_demon:/opt/ros/humble /usr/bin/cmake /home/dworf/And/src/factarial -DCMAKE_INSTALL_PREFIX=/home/dworf/And/install/factarial
[1.470s] DEBUG:colcon.colcon_core.event_handler.log_command:Invoking command in '/home/dworf/And/build/factarial': CMAKE_PREFIX_PATH=${CMAKE_PREFIX_PATH}:/home/dworf/test/install/drontest:/home/dworf/Firmware2/install/aerobot_gz_sim:/home/dworf/PinkDemon/install/pink_demon:/opt/ros/humble /usr/bin/cmake --build /home/dworf/And/build/factarial -- -j16 -l16
[1.479s] DEBUG:colcon.colcon_core.event_handler.log_command:Invoked command in '/home/dworf/And/build/cpp' returned '0': CMAKE_PREFIX_PATH=${CMAKE_PREFIX_PATH}:/home/dworf/test/install/drontest:/home/dworf/Firmware2/install/aerobot_gz_sim:/home/dworf/PinkDemon/install/pink_demon:/opt/ros/humble /usr/bin/cmake /home/dworf/And/src/cpp -DCMAKE_INSTALL_PREFIX=/home/dworf/And/install/cpp
[1.481s] DEBUG:colcon.colcon_core.event_handler.log_command:Invoking command in '/home/dworf/And/build/cpp': CMAKE_PREFIX_PATH=${CMAKE_PREFIX_PATH}:/home/dworf/test/install/drontest:/home/dworf/Firmware2/install/aerobot_gz_sim:/home/dworf/PinkDemon/install/pink_demon:/opt/ros/humble /usr/bin/cmake --build /home/dworf/And/build/cpp -- -j16 -l16
[4.833s] DEBUG:colcon.colcon_core.event_handler.log_command:Invoked command in '/home/dworf/And/build/factarial' returned '0': CMAKE_PREFIX_PATH=${CMAKE_PREFIX_PATH}:/home/dworf/test/install/drontest:/home/dworf/Firmware2/install/aerobot_gz_sim:/home/dworf/PinkDemon/install/pink_demon:/opt/ros/humble /usr/bin/cmake --build /home/dworf/And/build/factarial -- -j16 -l16
[4.880s] DEBUG:colcon.colcon_core.event_handler.log_command:Invoking command in '/home/dworf/And/build/factarial': CMAKE_PREFIX_PATH=${CMAKE_PREFIX_PATH}:/home/dworf/test/install/drontest:/home/dworf/Firmware2/install/aerobot_gz_sim:/home/dworf/PinkDemon/install/pink_demon:/opt/ros/humble /usr/bin/cmake --install /home/dworf/And/build/factarial
[4.896s] Level 1:colcon.colcon_core.environment:create_environment_scripts_only(factarial)
[4.897s] DEBUG:colcon.colcon_core.event_handler.log_command:Invoked command in '/home/dworf/And/build/factarial' returned '0': CMAKE_PREFIX_PATH=${CMAKE_PREFIX_PATH}:/home/dworf/test/install/drontest:/home/dworf/Firmware2/install/aerobot_gz_sim:/home/dworf/PinkDemon/install/pink_demon:/opt/ros/humble /usr/bin/cmake --install /home/dworf/And/build/factarial
[4.899s] Level 1:colcon.colcon_core.environment:checking '/home/dworf/And/install/factarial' for CMake module files
[4.899s] Level 1:colcon.colcon_core.environment:checking '/home/dworf/And/install/factarial' for CMake config files
[4.899s] Level 1:colcon.colcon_core.shell:create_environment_hook('factarial', 'cmake_prefix_path')
[4.899s] INFO:colcon.colcon_core.shell:Creating environment hook '/home/dworf/And/install/factarial/share/factarial/hook/cmake_prefix_path.ps1'
[4.900s] INFO:colcon.colcon_core.shell:Creating environment descriptor '/home/dworf/And/install/factarial/share/factarial/hook/cmake_prefix_path.dsv'
[4.900s] INFO:colcon.colcon_core.shell:Creating environment hook '/home/dworf/And/install/factarial/share/factarial/hook/cmake_prefix_path.sh'
[4.901s] Level 1:colcon.colcon_core.environment:checking '/home/dworf/And/install/factarial/lib'
[4.901s] Level 1:colcon.colcon_core.environment:checking '/home/dworf/And/install/factarial/bin'
[4.901s] Level 1:colcon.colcon_core.environment:checking '/home/dworf/And/install/factarial/lib/pkgconfig/factarial.pc'
[4.901s] Level 1:colcon.colcon_core.environment:checking '/home/dworf/And/install/factarial/lib/python3.10/site-packages'
[4.902s] Level 1:colcon.colcon_core.environment:checking '/home/dworf/And/install/factarial/bin'
[4.902s] INFO:colcon.colcon_core.shell:Creating package script '/home/dworf/And/install/factarial/share/factarial/package.ps1'
[4.902s] INFO:colcon.colcon_core.shell:Creating package descriptor '/home/dworf/And/install/factarial/share/factarial/package.dsv'
[4.903s] INFO:colcon.colcon_core.shell:Creating package script '/home/dworf/And/install/factarial/share/factarial/package.sh'
[4.903s] INFO:colcon.colcon_core.shell:Creating package script '/home/dworf/And/install/factarial/share/factarial/package.bash'
[4.904s] INFO:colcon.colcon_core.shell:Creating package script '/home/dworf/And/install/factarial/share/factarial/package.zsh'
[4.904s] Level 1:colcon.colcon_core.environment:create_file_with_runtime_dependencies(/home/dworf/And/install/factarial/share/colcon-core/packages/factarial)
[4.946s] Level 1:colcon.colcon_core.environment:create_environment_scripts_only(factarial)
[4.946s] Level 1:colcon.colcon_core.environment:checking '/home/dworf/And/install/factarial' for CMake module files
[4.947s] Level 1:colcon.colcon_core.environment:checking '/home/dworf/And/install/factarial' for CMake config files
[4.947s] Level 1:colcon.colcon_core.shell:create_environment_hook('factarial', 'cmake_prefix_path')
[4.947s] INFO:colcon.colcon_core.shell:Creating environment hook '/home/dworf/And/install/factarial/share/factarial/hook/cmake_prefix_path.ps1'
[4.947s] INFO:colcon.colcon_core.shell:Creating environment descriptor '/home/dworf/And/install/factarial/share/factarial/hook/cmake_prefix_path.dsv'
[4.947s] INFO:colcon.colcon_core.shell:Creating environment hook '/home/dworf/And/install/factarial/share/factarial/hook/cmake_prefix_path.sh'
[4.948s] Level 1:colcon.colcon_core.environment:checking '/home/dworf/And/install/factarial/lib'
[4.948s] Level 1:colcon.colcon_core.environment:checking '/home/dworf/And/install/factarial/bin'
[4.948s] Level 1:colcon.colcon_core.environment:checking '/home/dworf/And/install/factarial/lib/pkgconfig/factarial.pc'
[4.948s] Level 1:colcon.colcon_core.environment:checking '/home/dworf/And/install/factarial/lib/python3.10/site-packages'
[4.948s] Level 1:colcon.colcon_core.environment:checking '/home/dworf/And/install/factarial/bin'
[4.949s] INFO:colcon.colcon_core.shell:Creating package script '/home/dworf/And/install/factarial/share/factarial/package.ps1'
[4.949s] INFO:colcon.colcon_core.shell:Creating package descriptor '/home/dworf/And/install/factarial/share/factarial/package.dsv'
[4.950s] INFO:colcon.colcon_core.shell:Creating package script '/home/dworf/And/install/factarial/share/factarial/package.sh'
[4.950s] INFO:colcon.colcon_core.shell:Creating package script '/home/dworf/And/install/factarial/share/factarial/package.bash'
[4.951s] INFO:colcon.colcon_core.shell:Creating package script '/home/dworf/And/install/factarial/share/factarial/package.zsh'
[4.951s] Level 1:colcon.colcon_core.environment:create_file_with_runtime_dependencies(/home/dworf/And/install/factarial/share/colcon-core/packages/factarial)
[9.409s] DEBUG:colcon.colcon_core.event_handler.log_command:Invoked command in '/home/dworf/And/build/cpp' returned '0': CMAKE_PREFIX_PATH=${CMAKE_PREFIX_PATH}:/home/dworf/test/install/drontest:/home/dworf/Firmware2/install/aerobot_gz_sim:/home/dworf/PinkDemon/install/pink_demon:/opt/ros/humble /usr/bin/cmake --build /home/dworf/And/build/cpp -- -j16 -l16
[9.442s] DEBUG:colcon.colcon_core.event_handler.log_command:Invoking command in '/home/dworf/And/build/cpp': CMAKE_PREFIX_PATH=${CMAKE_PREFIX_PATH}:/home/dworf/test/install/drontest:/home/dworf/Firmware2/install/aerobot_gz_sim:/home/dworf/PinkDemon/install/pink_demon:/opt/ros/humble /usr/bin/cmake --install /home/dworf/And/build/cpp
[9.457s] Level 1:colcon.colcon_core.environment:create_environment_scripts_only(cpp)
[9.458s] Level 1:colcon.colcon_core.environment:checking '/home/dworf/And/install/cpp' for CMake module files
[9.458s] DEBUG:colcon.colcon_core.event_handler.log_command:Invoked command in '/home/dworf/And/build/cpp' returned '0': CMAKE_PREFIX_PATH=${CMAKE_PREFIX_PATH}:/home/dworf/test/install/drontest:/home/dworf/Firmware2/install/aerobot_gz_sim:/home/dworf/PinkDemon/install/pink_demon:/opt/ros/humble /usr/bin/cmake --install /home/dworf/And/build/cpp
[9.459s] Level 1:colcon.colcon_core.environment:checking '/home/dworf/And/install/cpp' for CMake config files
[9.459s] Level 1:colcon.colcon_core.shell:create_environment_hook('cpp', 'cmake_prefix_path')
[9.459s] INFO:colcon.colcon_core.shell:Creating environment hook '/home/dworf/And/install/cpp/share/cpp/hook/cmake_prefix_path.ps1'
[9.459s] INFO:colcon.colcon_core.shell:Creating environment descriptor '/home/dworf/And/install/cpp/share/cpp/hook/cmake_prefix_path.dsv'
[9.460s] INFO:colcon.colcon_core.shell:Creating environment hook '/home/dworf/And/install/cpp/share/cpp/hook/cmake_prefix_path.sh'
[9.460s] Level 1:colcon.colcon_core.environment:checking '/home/dworf/And/install/cpp/lib'
[9.460s] Level 1:colcon.colcon_core.environment:checking '/home/dworf/And/install/cpp/bin'
[9.460s] Level 1:colcon.colcon_core.environment:checking '/home/dworf/And/install/cpp/lib/pkgconfig/cpp.pc'
[9.460s] Level 1:colcon.colcon_core.environment:checking '/home/dworf/And/install/cpp/lib/python3.10/site-packages'
[9.460s] Level 1:colcon.colcon_core.environment:checking '/home/dworf/And/install/cpp/bin'
[9.460s] INFO:colcon.colcon_core.shell:Creating package script '/home/dworf/And/install/cpp/share/cpp/package.ps1'
[9.461s] INFO:colcon.colcon_core.shell:Creating package descriptor '/home/dworf/And/install/cpp/share/cpp/package.dsv'
[9.461s] INFO:colcon.colcon_core.shell:Creating package script '/home/dworf/And/install/cpp/share/cpp/package.sh'
[9.461s] INFO:colcon.colcon_core.shell:Creating package script '/home/dworf/And/install/cpp/share/cpp/package.bash'
[9.462s] INFO:colcon.colcon_core.shell:Creating package script '/home/dworf/And/install/cpp/share/cpp/package.zsh'
[9.462s] Level 1:colcon.colcon_core.environment:create_file_with_runtime_dependencies(/home/dworf/And/install/cpp/share/colcon-core/packages/cpp)
[9.496s] Level 1:colcon.colcon_core.environment:create_environment_scripts_only(cpp)
[9.496s] Level 1:colcon.colcon_core.environment:checking '/home/dworf/And/install/cpp' for CMake module files
[9.497s] Level 1:colcon.colcon_core.environment:checking '/home/dworf/And/install/cpp' for CMake config files
[9.498s] Level 1:colcon.colcon_core.shell:create_environment_hook('cpp', 'cmake_prefix_path')
[9.498s] INFO:colcon.colcon_core.shell:Creating environment hook '/home/dworf/And/install/cpp/share/cpp/hook/cmake_prefix_path.ps1'
[9.498s] INFO:colcon.colcon_core.shell:Creating environment descriptor '/home/dworf/And/install/cpp/share/cpp/hook/cmake_prefix_path.dsv'
[9.498s] INFO:colcon.colcon_core.shell:Creating environment hook '/home/dworf/And/install/cpp/share/cpp/hook/cmake_prefix_path.sh'
[9.499s] Level 1:colcon.colcon_core.environment:checking '/home/dworf/And/install/cpp/lib'
[9.499s] Level 1:colcon.colcon_core.environment:checking '/home/dworf/And/install/cpp/bin'
[9.499s] Level 1:colcon.colcon_core.environment:checking '/home/dworf/And/install/cpp/lib/pkgconfig/cpp.pc'
[9.499s] Level 1:colcon.colcon_core.environment:checking '/home/dworf/And/install/cpp/lib/python3.10/site-packages'
[9.499s] Level 1:colcon.colcon_core.environment:checking '/home/dworf/And/install/cpp/bin'
[9.500s] INFO:colcon.colcon_core.shell:Creating package script '/home/dworf/And/install/cpp/share/cpp/package.ps1'
[9.500s] INFO:colcon.colcon_core.shell:Creating package descriptor '/home/dworf/And/install/cpp/share/cpp/package.dsv'
[9.500s] INFO:colcon.colcon_core.shell:Creating package script '/home/dworf/And/install/cpp/share/cpp/package.sh'
[9.501s] INFO:colcon.colcon_core.shell:Creating package script '/home/dworf/And/install/cpp/share/cpp/package.bash'
[9.501s] INFO:colcon.colcon_core.shell:Creating package script '/home/dworf/And/install/cpp/share/cpp/package.zsh'
[9.501s] Level 1:colcon.colcon_core.environment:create_file_with_runtime_dependencies(/home/dworf/And/install/cpp/share/colcon-core/packages/cpp)
[9.501s] DEBUG:colcon.colcon_parallel_executor.executor.parallel:closing loop
[9.502s] DEBUG:colcon.colcon_parallel_executor.executor.parallel:loop closed
[9.502s] DEBUG:colcon.colcon_parallel_executor.executor.parallel:run_until_complete finished with '0'
[9.502s] DEBUG:colcon.colcon_core.event_reactor:joining thread
[9.507s] INFO:colcon.colcon_core.plugin_system:Skipping extension 'colcon_notification.desktop_notification.terminal_notifier': Not used on non-Darwin systems
[9.507s] INFO:colcon.colcon_core.plugin_system:Skipping extension 'colcon_notification.desktop_notification.win32': Not used on non-Windows systems
[9.507s] INFO:colcon.colcon_notification.desktop_notification:Sending desktop notification using 'notify2'
[9.518s] DEBUG:colcon.colcon_core.event_reactor:joined thread
[9.519s] INFO:colcon.colcon_core.shell:Creating prefix script '/home/dworf/And/install/local_setup.ps1'
[9.521s] INFO:colcon.colcon_core.shell:Creating prefix util module '/home/dworf/And/install/_local_setup_util_ps1.py'
[9.522s] INFO:colcon.colcon_core.shell:Creating prefix chain script '/home/dworf/And/install/setup.ps1'
[9.523s] INFO:colcon.colcon_core.shell:Creating prefix script '/home/dworf/And/install/local_setup.sh'
[9.523s] INFO:colcon.colcon_core.shell:Creating prefix util module '/home/dworf/And/install/_local_setup_util_sh.py'
[9.524s] INFO:colcon.colcon_core.shell:Creating prefix chain script '/home/dworf/And/install/setup.sh'
[9.525s] INFO:colcon.colcon_core.shell:Creating prefix script '/home/dworf/And/install/local_setup.bash'
[9.525s] INFO:colcon.colcon_core.shell:Creating prefix chain script '/home/dworf/And/install/setup.bash'
[9.526s] INFO:colcon.colcon_core.shell:Creating prefix script '/home/dworf/And/install/local_setup.zsh'
[9.526s] INFO:colcon.colcon_core.shell:Creating prefix chain script '/home/dworf/And/install/setup.zsh'
