[0.034s] Invoking command in '/home/dworf/And/build/factarial': CMAKE_PREFIX_PATH=${CMAKE_PREFIX_PATH}:/home/dworf/test/install/drontest:/home/dworf/Firmware2/install/aerobot_gz_sim:/home/dworf/PinkDemon/install/pink_demon:/opt/ros/humble /usr/bin/cmake --build /home/dworf/And/build/factarial -- -j16 -l16
[0.139s] [35m[1mConsolidate compiler generated dependencies of target service[0m
[0.176s] [ 12%] [32mBuilding CXX object CMakeFiles/fact_cln.dir/src/factCNT.cpp.o[0m
[0.176s] [ 25%] [32mBuilding CXX object CMakeFiles/fact_srv.dir/src/factSRV.cpp.o[0m
[0.182s] [ 50%] Built target client
[0.189s] [ 75%] Built target service
[5.313s] In file included from [01m[K/opt/ros/humble/include/rclcpp/rclcpp/logging.hpp:24[m[K,
[5.313s]                  from [01m[K/opt/ros/humble/include/rclcpp/rclcpp/client.hpp:40[m[K,
[5.313s]                  from [01m[K/opt/ros/humble/include/rclcpp/rclcpp/callback_group.hpp:24[m[K,
[5.314s]                  from [01m[K/opt/ros/humble/include/rclcpp/rclcpp/any_executable.hpp:20[m[K,
[5.314s]                  from [01m[K/opt/ros/humble/include/rclcpp/rclcpp/memory_strategy.hpp:25[m[K,
[5.314s]                  from [01m[K/opt/ros/humble/include/rclcpp/rclcpp/memory_strategies.hpp:18[m[K,
[5.314s]                  from [01m[K/opt/ros/humble/include/rclcpp/rclcpp/executor_options.hpp:20[m[K,
[5.314s]                  from [01m[K/opt/ros/humble/include/rclcpp/rclcpp/executor.hpp:37[m[K,
[5.314s]                  from [01m[K/opt/ros/humble/include/rclcpp/rclcpp/executors/multi_threaded_executor.hpp:25[m[K,
[5.314s]                  from [01m[K/opt/ros/humble/include/rclcpp/rclcpp/executors.hpp:21[m[K,
[5.315s]                  from [01m[K/opt/ros/humble/include/rclcpp/rclcpp/rclcpp.hpp:155[m[K,
[5.315s]                  from [01m[K/home/dworf/And/src/factarial/src/factCNT.cpp:1[m[K:
[5.315s] [01m[K/home/dworf/And/src/factarial/src/factCNT.cpp:[m[K In function ‘[01m[Kint main(int, char**)[m[K’:
[5.315s] [01m[K/home/dworf/And/src/factarial/src/factCNT.cpp:35:51:[m[K [01;35m[Kwarning: [m[Kformat ‘[01m[K%d[m[K’ expects argument of type ‘[01m[Kint[m[K’, but argument 5 has type ‘[01m[Ktest_msgs::srv::Fact_Request_<std::allocator<void> >::_numb_type[m[K’ {aka ‘[01m[Klong int[m[K’} [[01;35m[K]8;;https://gcc.gnu.org/onlinedocs/gcc/Warning-Options.html#index-Wformat=-Wformat=]8;;[m[K]
[5.315s]    35 |         RCLCPP_INFO(rclcpp::get_logger("rclcpp"), [01;35m[K"Factorial of %d is %d"[m[K, [32m[Krequest->numb[m[K, result.get()->result);
[5.315s]       |                                                   [01;35m[K^~~~~~~~~~~~~~~~~~~~~~~[m[K  [32m[K~~~~~~~~~~~~~[m[K
[5.315s]       |                                                                                     [32m[K|[m[K
[5.316s]       |                                                                                     [32m[Ktest_msgs::srv::Fact_Request_<std::allocator<void> >::_numb_type {aka long int}[m[K
[5.316s] [01m[K/home/dworf/And/src/factarial/src/factCNT.cpp:35:66:[m[K [01;36m[Knote: [m[Kformat string is defined here
[5.316s]    35 |         RCLCPP_INFO(rclcpp::get_logger("rclcpp"), "Factorial of [01;36m[K%d[m[K is %d", request->numb, result.get()->result);
[5.316s]       |                                                                 [01;36m[K~^[m[K
[5.317s]       |                                                                  [01;36m[K|[m[K
[5.317s]       |                                                                  [01;36m[Kint[m[K
[5.317s]       |                                                                 [32m[K%ld[m[K
[5.317s] In file included from [01m[K/opt/ros/humble/include/rclcpp/rclcpp/logging.hpp:24[m[K,
[5.317s]                  from [01m[K/opt/ros/humble/include/rclcpp/rclcpp/client.hpp:40[m[K,
[5.317s]                  from [01m[K/opt/ros/humble/include/rclcpp/rclcpp/callback_group.hpp:24[m[K,
[5.317s]                  from [01m[K/opt/ros/humble/include/rclcpp/rclcpp/any_executable.hpp:20[m[K,
[5.318s]                  from [01m[K/opt/ros/humble/include/rclcpp/rclcpp/memory_strategy.hpp:25[m[K,
[5.318s]                  from [01m[K/opt/ros/humble/include/rclcpp/rclcpp/memory_strategies.hpp:18[m[K,
[5.318s]                  from [01m[K/opt/ros/humble/include/rclcpp/rclcpp/executor_options.hpp:20[m[K,
[5.318s]                  from [01m[K/opt/ros/humble/include/rclcpp/rclcpp/executor.hpp:37[m[K,
[5.318s]                  from [01m[K/opt/ros/humble/include/rclcpp/rclcpp/executors/multi_threaded_executor.hpp:25[m[K,
[5.318s]                  from [01m[K/opt/ros/humble/include/rclcpp/rclcpp/executors.hpp:21[m[K,
[5.318s]                  from [01m[K/opt/ros/humble/include/rclcpp/rclcpp/rclcpp.hpp:155[m[K,
[5.319s]                  from [01m[K/home/dworf/And/src/factarial/src/factCNT.cpp:1[m[K:
[5.319s] [01m[K/home/dworf/And/src/factarial/src/factCNT.cpp:35:51:[m[K [01;35m[Kwarning: [m[Kformat ‘[01m[K%d[m[K’ expects argument of type ‘[01m[Kint[m[K’, but argument 6 has type ‘[01m[Ktest_msgs::srv::Fact_Response_<std::allocator<void> >::_result_type[m[K’ {aka ‘[01m[Klong int[m[K’} [[01;35m[K]8;;https://gcc.gnu.org/onlinedocs/gcc/Warning-Options.html#index-Wformat=-Wformat=]8;;[m[K]
[5.319s]    35 |         RCLCPP_INFO(rclcpp::get_logger("rclcpp"), [01;35m[K"Factorial of %d is %d"[m[K, request->numb, [32m[Kresult.get()->result[m[K);
[5.319s]       |                                                   [01;35m[K^~~~~~~~~~~~~~~~~~~~~~~[m[K                 [32m[K~~~~~~~~~~~~~~~~~~~~[m[K
[5.319s]       |                                                                                                         [32m[K|[m[K
[5.319s]       |                                                                                                         [32m[Ktest_msgs::srv::Fact_Response_<std::allocator<void> >::_result_type {aka long int}[m[K
[5.319s] [01m[K/home/dworf/And/src/factarial/src/factCNT.cpp:35:72:[m[K [01;36m[Knote: [m[Kformat string is defined here
[5.320s]    35 |         RCLCPP_INFO(rclcpp::get_logger("rclcpp"), "Factorial of %d is [01;36m[K%d[m[K", request->numb, result.get()->result);
[5.320s]       |                                                                       [01;36m[K~^[m[K
[5.320s]       |                                                                        [01;36m[K|[m[K
[5.320s]       |                                                                        [01;36m[Kint[m[K
[5.320s]       |                                                                       [32m[K%ld[m[K
[7.148s] [ 87%] [32m[1mLinking CXX executable fact_srv[0m
[7.395s] [ 87%] Built target fact_srv
[7.520s] [100%] [32m[1mLinking CXX executable fact_cln[0m
[7.758s] [100%] Built target fact_cln
[7.777s] Invoked command in '/home/dworf/And/build/factarial' returned '0': CMAKE_PREFIX_PATH=${CMAKE_PREFIX_PATH}:/home/dworf/test/install/drontest:/home/dworf/Firmware2/install/aerobot_gz_sim:/home/dworf/PinkDemon/install/pink_demon:/opt/ros/humble /usr/bin/cmake --build /home/dworf/And/build/factarial -- -j16 -l16
[7.845s] Invoking command in '/home/dworf/And/build/factarial': CMAKE_PREFIX_PATH=${CMAKE_PREFIX_PATH}:/home/dworf/test/install/drontest:/home/dworf/Firmware2/install/aerobot_gz_sim:/home/dworf/PinkDemon/install/pink_demon:/opt/ros/humble /usr/bin/cmake --install /home/dworf/And/build/factarial
[7.855s] -- Install configuration: ""
[7.855s] -- Installing: /home/dworf/And/install/factarial/lib/factarial/fact_srv
[7.857s] -- Set runtime path of "/home/dworf/And/install/factarial/lib/factarial/fact_srv" to ""
[7.857s] -- Installing: /home/dworf/And/install/factarial/lib/factarial/fact_cln
[7.860s] -- Set runtime path of "/home/dworf/And/install/factarial/lib/factarial/fact_cln" to ""
[7.860s] -- Up-to-date: /home/dworf/And/install/factarial/lib/factarial/client
[7.861s] -- Up-to-date: /home/dworf/And/install/factarial/lib/factarial/service
[7.861s] -- Up-to-date: /home/dworf/And/install/factarial/share/ament_index/resource_index/package_run_dependencies/factarial
[7.861s] -- Up-to-date: /home/dworf/And/install/factarial/share/ament_index/resource_index/parent_prefix_path/factarial
[7.861s] -- Up-to-date: /home/dworf/And/install/factarial/share/factarial/environment/ament_prefix_path.sh
[7.861s] -- Up-to-date: /home/dworf/And/install/factarial/share/factarial/environment/ament_prefix_path.dsv
[7.862s] -- Up-to-date: /home/dworf/And/install/factarial/share/factarial/environment/path.sh
[7.862s] -- Up-to-date: /home/dworf/And/install/factarial/share/factarial/environment/path.dsv
[7.862s] -- Up-to-date: /home/dworf/And/install/factarial/share/factarial/local_setup.bash
[7.862s] -- Up-to-date: /home/dworf/And/install/factarial/share/factarial/local_setup.sh
[7.862s] -- Up-to-date: /home/dworf/And/install/factarial/share/factarial/local_setup.zsh
[7.862s] -- Up-to-date: /home/dworf/And/install/factarial/share/factarial/local_setup.dsv
[7.862s] -- Installing: /home/dworf/And/install/factarial/share/factarial/package.dsv
[7.862s] -- Up-to-date: /home/dworf/And/install/factarial/share/ament_index/resource_index/packages/factarial
[7.862s] -- Up-to-date: /home/dworf/And/install/factarial/share/factarial/cmake/factarialConfig.cmake
[7.862s] -- Up-to-date: /home/dworf/And/install/factarial/share/factarial/cmake/factarialConfig-version.cmake
[7.862s] -- Up-to-date: /home/dworf/And/install/factarial/share/factarial/package.xml
[7.867s] Invoked command in '/home/dworf/And/build/factarial' returned '0': CMAKE_PREFIX_PATH=${CMAKE_PREFIX_PATH}:/home/dworf/test/install/drontest:/home/dworf/Firmware2/install/aerobot_gz_sim:/home/dworf/PinkDemon/install/pink_demon:/opt/ros/humble /usr/bin/cmake --install /home/dworf/And/build/factarial
