[0.253s] DEBUG:colcon:Command line arguments: ['/usr/bin/colcon', 'build']
[0.254s] DEBUG:colcon:Parsed command line arguments: Namespace(log_base=None, log_level=None, verb_name='build', build_base='build', install_base='install', merge_install=False, symlink_install=False, test_result_base=None, continue_on_error=False, executor='parallel', parallel_workers=16, event_handlers=None, ignore_user_meta=False, metas=['./colcon.meta'], base_paths=['.'], packages_ignore=None, packages_ignore_regex=None, paths=None, packages_up_to=None, packages_up_to_regex=None, packages_above=None, packages_above_and_dependencies=None, packages_above_depth=None, packages_select_by_dep=None, packages_skip_by_dep=None, packages_skip_up_to=None, packages_select_build_failed=False, packages_skip_build_finished=False, packages_select_test_failures=False, packages_skip_test_passed=False, packages_select=None, packages_skip=None, packages_select_regex=None, packages_skip_regex=None, packages_start=None, packages_end=None, allow_overriding=[], cmake_args=None, cmake_target=None, cmake_target_skip_unavailable=False, cmake_clean_cache=False, cmake_clean_first=False, cmake_force_configure=False, ament_cmake_args=None, catkin_cmake_args=None, catkin_skip_building_tests=False, verb_parser=<colcon_defaults.argument_parser.defaults.DefaultArgumentsDecorator object at 0x7a0873330be0>, verb_extension=<colcon_core.verb.build.BuildVerb object at 0x7a0873445870>, main=<bound method BuildVerb.main of <colcon_core.verb.build.BuildVerb object at 0x7a0873445870>>)
[0.725s] Level 1:colcon.colcon_core.package_discovery:discover_packages(colcon_meta) check parameters
[0.726s] Level 1:colcon.colcon_core.package_discovery:discover_packages(recursive) check parameters
[0.726s] Level 1:colcon.colcon_core.package_discovery:discover_packages(ignore) check parameters
[0.726s] Level 1:colcon.colcon_core.package_discovery:discover_packages(path) check parameters
[0.726s] Level 1:colcon.colcon_core.package_discovery:discover_packages(colcon_meta) discover
[0.726s] Level 1:colcon.colcon_core.package_discovery:discover_packages(recursive) discover
[0.726s] INFO:colcon.colcon_core.package_discovery:Crawling recursively for packages in '/home/dworf/And'
[0.726s] Level 1:colcon.colcon_core.package_identification:_identify(.) by extensions ['ignore', 'ignore_ament_install']
[0.726s] Level 1:colcon.colcon_core.package_identification:_identify(.) by extension 'ignore'
[0.727s] Level 1:colcon.colcon_core.package_identification:_identify(.) by extension 'ignore_ament_install'
[0.727s] Level 1:colcon.colcon_core.package_identification:_identify(.) by extensions ['colcon_pkg']
[0.727s] Level 1:colcon.colcon_core.package_identification:_identify(.) by extension 'colcon_pkg'
[0.727s] Level 1:colcon.colcon_core.package_identification:_identify(.) by extensions ['colcon_meta']
[0.727s] Level 1:colcon.colcon_core.package_identification:_identify(.) by extension 'colcon_meta'
[0.727s] Level 1:colcon.colcon_core.package_identification:_identify(.) by extensions ['ros']
[0.727s] Level 1:colcon.colcon_core.package_identification:_identify(.) by extension 'ros'
[0.753s] Level 1:colcon.colcon_core.package_identification:_identify(.) by extensions ['cmake', 'python']
[0.754s] Level 1:colcon.colcon_core.package_identification:_identify(.) by extension 'cmake'
[0.754s] Level 1:colcon.colcon_core.package_identification:_identify(.) by extension 'python'
[0.754s] Level 1:colcon.colcon_core.package_identification:_identify(.) by extensions ['python_setup_py']
[0.754s] Level 1:colcon.colcon_core.package_identification:_identify(.) by extension 'python_setup_py'
[0.754s] Level 1:colcon.colcon_core.package_identification:_identify(build) by extensions ['ignore', 'ignore_ament_install']
[0.755s] Level 1:colcon.colcon_core.package_identification:_identify(build) by extension 'ignore'
[0.755s] Level 1:colcon.colcon_core.package_identification:_identify(build) ignored
[0.755s] Level 1:colcon.colcon_core.package_identification:_identify(install) by extensions ['ignore', 'ignore_ament_install']
[0.755s] Level 1:colcon.colcon_core.package_identification:_identify(install) by extension 'ignore'
[0.755s] Level 1:colcon.colcon_core.package_identification:_identify(install) ignored
[0.756s] Level 1:colcon.colcon_core.package_identification:_identify(log) by extensions ['ignore', 'ignore_ament_install']
[0.756s] Level 1:colcon.colcon_core.package_identification:_identify(log) by extension 'ignore'
[0.756s] Level 1:colcon.colcon_core.package_identification:_identify(log) ignored
[0.756s] Level 1:colcon.colcon_core.package_identification:_identify(src) by extensions ['ignore', 'ignore_ament_install']
[0.756s] Level 1:colcon.colcon_core.package_identification:_identify(src) by extension 'ignore'
[0.756s] Level 1:colcon.colcon_core.package_identification:_identify(src) by extension 'ignore_ament_install'
[0.756s] Level 1:colcon.colcon_core.package_identification:_identify(src) by extensions ['colcon_pkg']
[0.757s] Level 1:colcon.colcon_core.package_identification:_identify(src) by extension 'colcon_pkg'
[0.757s] Level 1:colcon.colcon_core.package_identification:_identify(src) by extensions ['colcon_meta']
[0.757s] Level 1:colcon.colcon_core.package_identification:_identify(src) by extension 'colcon_meta'
[0.757s] Level 1:colcon.colcon_core.package_identification:_identify(src) by extensions ['ros']
[0.757s] Level 1:colcon.colcon_core.package_identification:_identify(src) by extension 'ros'
[0.757s] Level 1:colcon.colcon_core.package_identification:_identify(src) by extensions ['cmake', 'python']
[0.757s] Level 1:colcon.colcon_core.package_identification:_identify(src) by extension 'cmake'
[0.757s] Level 1:colcon.colcon_core.package_identification:_identify(src) by extension 'python'
[0.757s] Level 1:colcon.colcon_core.package_identification:_identify(src) by extensions ['python_setup_py']
[0.757s] Level 1:colcon.colcon_core.package_identification:_identify(src) by extension 'python_setup_py'
[0.758s] Level 1:colcon.colcon_core.package_identification:_identify(src/cpp) by extensions ['ignore', 'ignore_ament_install']
[0.758s] Level 1:colcon.colcon_core.package_identification:_identify(src/cpp) by extension 'ignore'
[0.758s] Level 1:colcon.colcon_core.package_identification:_identify(src/cpp) by extension 'ignore_ament_install'
[0.758s] Level 1:colcon.colcon_core.package_identification:_identify(src/cpp) by extensions ['colcon_pkg']
[0.758s] Level 1:colcon.colcon_core.package_identification:_identify(src/cpp) by extension 'colcon_pkg'
[0.758s] Level 1:colcon.colcon_core.package_identification:_identify(src/cpp) by extensions ['colcon_meta']
[0.758s] Level 1:colcon.colcon_core.package_identification:_identify(src/cpp) by extension 'colcon_meta'
[0.758s] Level 1:colcon.colcon_core.package_identification:_identify(src/cpp) by extensions ['ros']
[0.758s] Level 1:colcon.colcon_core.package_identification:_identify(src/cpp) by extension 'ros'
[0.764s] DEBUG:colcon.colcon_core.package_identification:Package 'src/cpp' with type 'ros.ament_cmake' and name 'cpp'
[0.764s] Level 1:colcon.colcon_core.package_identification:_identify(src/factarial) by extensions ['ignore', 'ignore_ament_install']
[0.764s] Level 1:colcon.colcon_core.package_identification:_identify(src/factarial) by extension 'ignore'
[0.764s] Level 1:colcon.colcon_core.package_identification:_identify(src/factarial) by extension 'ignore_ament_install'
[0.765s] Level 1:colcon.colcon_core.package_identification:_identify(src/factarial) by extensions ['colcon_pkg']
[0.765s] Level 1:colcon.colcon_core.package_identification:_identify(src/factarial) by extension 'colcon_pkg'
[0.765s] Level 1:colcon.colcon_core.package_identification:_identify(src/factarial) by extensions ['colcon_meta']
[0.765s] Level 1:colcon.colcon_core.package_identification:_identify(src/factarial) by extension 'colcon_meta'
[0.765s] Level 1:colcon.colcon_core.package_identification:_identify(src/factarial) by extensions ['ros']
[0.765s] Level 1:colcon.colcon_core.package_identification:_identify(src/factarial) by extension 'ros'
[0.767s] DEBUG:colcon.colcon_core.package_identification:Package 'src/factarial' with type 'ros.ament_cmake' and name 'factarial'
[0.767s] Level 1:colcon.colcon_core.package_discovery:discover_packages(recursive) using defaults
[0.767s] Level 1:colcon.colcon_core.package_discovery:discover_packages(ignore) discover
[0.767s] Level 1:colcon.colcon_core.package_discovery:discover_packages(ignore) using defaults
[0.767s] Level 1:colcon.colcon_core.package_discovery:discover_packages(path) discover
[0.767s] Level 1:colcon.colcon_core.package_discovery:discover_packages(path) using defaults
[0.831s] Level 1:colcon.colcon_core.package_discovery:discover_packages(prefix_path) check parameters
[0.831s] Level 1:colcon.colcon_core.package_discovery:discover_packages(prefix_path) discover
[0.836s] DEBUG:colcon.colcon_installed_package_information.package_discovery:Found 2 installed packages in /home/dworf/And/install
[0.837s] DEBUG:colcon.colcon_installed_package_information.package_discovery:Found 5 installed packages in /home/dworf/test/install
[0.839s] DEBUG:colcon.colcon_installed_package_information.package_discovery:Found 4 installed packages in /home/dworf/Firmware2/install
[0.841s] DEBUG:colcon.colcon_installed_package_information.package_discovery:Found 3 installed packages in /home/dworf/PinkDemon/install
[0.845s] DEBUG:colcon.colcon_installed_package_information.package_discovery:Found 332 installed packages in /opt/ros/humble
[0.849s] Level 1:colcon.colcon_core.package_discovery:discover_packages(prefix_path) using defaults
[0.957s] Level 5:colcon.colcon_core.verb:set package 'cpp' build argument 'cmake_args' from command line to 'None'
[0.957s] Level 5:colcon.colcon_core.verb:set package 'cpp' build argument 'cmake_target' from command line to 'None'
[0.957s] Level 5:colcon.colcon_core.verb:set package 'cpp' build argument 'cmake_target_skip_unavailable' from command line to 'False'
[0.957s] Level 5:colcon.colcon_core.verb:set package 'cpp' build argument 'cmake_clean_cache' from command line to 'False'
[0.957s] Level 5:colcon.colcon_core.verb:set package 'cpp' build argument 'cmake_clean_first' from command line to 'False'
[0.957s] Level 5:colcon.colcon_core.verb:set package 'cpp' build argument 'cmake_force_configure' from command line to 'False'
[0.957s] Level 5:colcon.colcon_core.verb:set package 'cpp' build argument 'ament_cmake_args' from command line to 'None'
[0.957s] Level 5:colcon.colcon_core.verb:set package 'cpp' build argument 'catkin_cmake_args' from command line to 'None'
[0.957s] Level 5:colcon.colcon_core.verb:set package 'cpp' build argument 'catkin_skip_building_tests' from command line to 'False'
[0.957s] DEBUG:colcon.colcon_core.verb:Building package 'cpp' with the following arguments: {'ament_cmake_args': None, 'build_base': '/home/dworf/And/build/cpp', 'catkin_cmake_args': None, 'catkin_skip_building_tests': False, 'cmake_args': None, 'cmake_clean_cache': False, 'cmake_clean_first': False, 'cmake_force_configure': False, 'cmake_target': None, 'cmake_target_skip_unavailable': False, 'install_base': '/home/dworf/And/install/cpp', 'merge_install': False, 'path': '/home/dworf/And/src/cpp', 'symlink_install': False, 'test_result_base': None}
[0.958s] Level 5:colcon.colcon_core.verb:set package 'factarial' build argument 'cmake_args' from command line to 'None'
[0.958s] Level 5:colcon.colcon_core.verb:set package 'factarial' build argument 'cmake_target' from command line to 'None'
[0.958s] Level 5:colcon.colcon_core.verb:set package 'factarial' build argument 'cmake_target_skip_unavailable' from command line to 'False'
[0.958s] Level 5:colcon.colcon_core.verb:set package 'factarial' build argument 'cmake_clean_cache' from command line to 'False'
[0.958s] Level 5:colcon.colcon_core.verb:set package 'factarial' build argument 'cmake_clean_first' from command line to 'False'
[0.958s] Level 5:colcon.colcon_core.verb:set package 'factarial' build argument 'cmake_force_configure' from command line to 'False'
[0.958s] Level 5:colcon.colcon_core.verb:set package 'factarial' build argument 'ament_cmake_args' from command line to 'None'
[0.958s] Level 5:colcon.colcon_core.verb:set package 'factarial' build argument 'catkin_cmake_args' from command line to 'None'
[0.959s] Level 5:colcon.colcon_core.verb:set package 'factarial' build argument 'catkin_skip_building_tests' from command line to 'False'
[0.959s] DEBUG:colcon.colcon_core.verb:Building package 'factarial' with the following arguments: {'ament_cmake_args': None, 'build_base': '/home/dworf/And/build/factarial', 'catkin_cmake_args': None, 'catkin_skip_building_tests': False, 'cmake_args': None, 'cmake_clean_cache': False, 'cmake_clean_first': False, 'cmake_force_configure': False, 'cmake_target': None, 'cmake_target_skip_unavailable': False, 'install_base': '/home/dworf/And/install/factarial', 'merge_install': False, 'path': '/home/dworf/And/src/factarial', 'symlink_install': False, 'test_result_base': None}
[0.959s] INFO:colcon.colcon_core.executor:Executing jobs using 'parallel' executor
[0.961s] DEBUG:colcon.colcon_parallel_executor.executor.parallel:run_until_complete
[0.961s] INFO:colcon.colcon_ros.task.ament_cmake.build:Building ROS package in '/home/dworf/And/src/cpp' with build type 'ament_cmake'
[0.962s] INFO:colcon.colcon_cmake.task.cmake.build:Building CMake package in '/home/dworf/And/src/cpp'
[0.966s] INFO:colcon.colcon_core.plugin_system:Skipping extension 'colcon_core.shell.bat': Not used on non-Windows systems
[0.967s] INFO:colcon.colcon_core.shell:Skip shell extension 'powershell' for command environment: Not usable outside of PowerShell
[0.967s] DEBUG:colcon.colcon_core.shell:Skip shell extension 'dsv' for command environment
[0.980s] INFO:colcon.colcon_ros.task.ament_cmake.build:Building ROS package in '/home/dworf/And/src/factarial' with build type 'ament_cmake'
[0.980s] INFO:colcon.colcon_cmake.task.cmake.build:Building CMake package in '/home/dworf/And/src/factarial'
[0.981s] INFO:colcon.colcon_core.shell:Skip shell extension 'powershell' for command environment: Not usable outside of PowerShell
[0.981s] DEBUG:colcon.colcon_core.shell:Skip shell extension 'dsv' for command environment
[1.005s] DEBUG:colcon.colcon_core.event_handler.log_command:Invoking command in '/home/dworf/And/build/cpp': CMAKE_PREFIX_PATH=${CMAKE_PREFIX_PATH}:/home/dworf/test/install/drontest:/home/dworf/Firmware2/install/aerobot_gz_sim:/home/dworf/PinkDemon/install/pink_demon:/opt/ros/humble /usr/bin/cmake --build /home/dworf/And/build/cpp -- -j16 -l16
[1.014s] DEBUG:colcon.colcon_core.event_handler.log_command:Invoking command in '/home/dworf/And/build/factarial': CMAKE_PREFIX_PATH=${CMAKE_PREFIX_PATH}:/home/dworf/test/install/drontest:/home/dworf/Firmware2/install/aerobot_gz_sim:/home/dworf/PinkDemon/install/pink_demon:/opt/ros/humble /usr/bin/cmake --build /home/dworf/And/build/factarial -- -j16 -l16
[1.172s] DEBUG:colcon.colcon_core.event_handler.log_command:Invoked command in '/home/dworf/And/build/cpp' returned '0': CMAKE_PREFIX_PATH=${CMAKE_PREFIX_PATH}:/home/dworf/test/install/drontest:/home/dworf/Firmware2/install/aerobot_gz_sim:/home/dworf/PinkDemon/install/pink_demon:/opt/ros/humble /usr/bin/cmake --build /home/dworf/And/build/cpp -- -j16 -l16
[1.259s] DEBUG:colcon.colcon_core.event_handler.log_command:Invoking command in '/home/dworf/And/build/cpp': CMAKE_PREFIX_PATH=${CMAKE_PREFIX_PATH}:/home/dworf/test/install/drontest:/home/dworf/Firmware2/install/aerobot_gz_sim:/home/dworf/PinkDemon/install/pink_demon:/opt/ros/humble /usr/bin/cmake --install /home/dworf/And/build/cpp
[1.280s] Level 1:colcon.colcon_core.environment:create_environment_scripts_only(cpp)
[1.281s] DEBUG:colcon.colcon_core.event_handler.log_command:Invoked command in '/home/dworf/And/build/cpp' returned '0': CMAKE_PREFIX_PATH=${CMAKE_PREFIX_PATH}:/home/dworf/test/install/drontest:/home/dworf/Firmware2/install/aerobot_gz_sim:/home/dworf/PinkDemon/install/pink_demon:/opt/ros/humble /usr/bin/cmake --install /home/dworf/And/build/cpp
[1.285s] Level 1:colcon.colcon_core.environment:checking '/home/dworf/And/install/cpp' for CMake module files
[1.286s] Level 1:colcon.colcon_core.environment:checking '/home/dworf/And/install/cpp' for CMake config files
[1.286s] Level 1:colcon.colcon_core.shell:create_environment_hook('cpp', 'cmake_prefix_path')
[1.287s] INFO:colcon.colcon_core.shell:Creating environment hook '/home/dworf/And/install/cpp/share/cpp/hook/cmake_prefix_path.ps1'
[1.288s] INFO:colcon.colcon_core.shell:Creating environment descriptor '/home/dworf/And/install/cpp/share/cpp/hook/cmake_prefix_path.dsv'
[1.289s] INFO:colcon.colcon_core.shell:Creating environment hook '/home/dworf/And/install/cpp/share/cpp/hook/cmake_prefix_path.sh'
[1.292s] Level 1:colcon.colcon_core.environment:checking '/home/dworf/And/install/cpp/lib'
[1.292s] Level 1:colcon.colcon_core.environment:checking '/home/dworf/And/install/cpp/bin'
[1.292s] Level 1:colcon.colcon_core.environment:checking '/home/dworf/And/install/cpp/lib/pkgconfig/cpp.pc'
[1.293s] Level 1:colcon.colcon_core.environment:checking '/home/dworf/And/install/cpp/lib/python3.10/site-packages'
[1.293s] Level 1:colcon.colcon_core.environment:checking '/home/dworf/And/install/cpp/bin'
[1.294s] INFO:colcon.colcon_core.shell:Creating package script '/home/dworf/And/install/cpp/share/cpp/package.ps1'
[1.295s] INFO:colcon.colcon_core.shell:Creating package descriptor '/home/dworf/And/install/cpp/share/cpp/package.dsv'
[1.296s] INFO:colcon.colcon_core.shell:Creating package script '/home/dworf/And/install/cpp/share/cpp/package.sh'
[1.297s] INFO:colcon.colcon_core.shell:Creating package script '/home/dworf/And/install/cpp/share/cpp/package.bash'
[1.299s] INFO:colcon.colcon_core.shell:Creating package script '/home/dworf/And/install/cpp/share/cpp/package.zsh'
[1.300s] Level 1:colcon.colcon_core.environment:create_file_with_runtime_dependencies(/home/dworf/And/install/cpp/share/colcon-core/packages/cpp)
[1.363s] Level 1:colcon.colcon_core.environment:create_environment_scripts_only(cpp)
[1.363s] Level 1:colcon.colcon_core.environment:checking '/home/dworf/And/install/cpp' for CMake module files
[1.364s] Level 1:colcon.colcon_core.environment:checking '/home/dworf/And/install/cpp' for CMake config files
[1.365s] Level 1:colcon.colcon_core.shell:create_environment_hook('cpp', 'cmake_prefix_path')
[1.365s] INFO:colcon.colcon_core.shell:Creating environment hook '/home/dworf/And/install/cpp/share/cpp/hook/cmake_prefix_path.ps1'
[1.366s] INFO:colcon.colcon_core.shell:Creating environment descriptor '/home/dworf/And/install/cpp/share/cpp/hook/cmake_prefix_path.dsv'
[1.366s] INFO:colcon.colcon_core.shell:Creating environment hook '/home/dworf/And/install/cpp/share/cpp/hook/cmake_prefix_path.sh'
[1.367s] Level 1:colcon.colcon_core.environment:checking '/home/dworf/And/install/cpp/lib'
[1.367s] Level 1:colcon.colcon_core.environment:checking '/home/dworf/And/install/cpp/bin'
[1.368s] Level 1:colcon.colcon_core.environment:checking '/home/dworf/And/install/cpp/lib/pkgconfig/cpp.pc'
[1.368s] Level 1:colcon.colcon_core.environment:checking '/home/dworf/And/install/cpp/lib/python3.10/site-packages'
[1.368s] Level 1:colcon.colcon_core.environment:checking '/home/dworf/And/install/cpp/bin'
[1.369s] INFO:colcon.colcon_core.shell:Creating package script '/home/dworf/And/install/cpp/share/cpp/package.ps1'
[1.370s] INFO:colcon.colcon_core.shell:Creating package descriptor '/home/dworf/And/install/cpp/share/cpp/package.dsv'
[1.370s] INFO:colcon.colcon_core.shell:Creating package script '/home/dworf/And/install/cpp/share/cpp/package.sh'
[1.371s] INFO:colcon.colcon_core.shell:Creating package script '/home/dworf/And/install/cpp/share/cpp/package.bash'
[1.372s] INFO:colcon.colcon_core.shell:Creating package script '/home/dworf/And/install/cpp/share/cpp/package.zsh'
[1.372s] Level 1:colcon.colcon_core.environment:create_file_with_runtime_dependencies(/home/dworf/And/install/cpp/share/colcon-core/packages/cpp)
[5.066s] DEBUG:colcon.colcon_core.event_handler.log_command:Invoked command in '/home/dworf/And/build/factarial' returned '2': CMAKE_PREFIX_PATH=${CMAKE_PREFIX_PATH}:/home/dworf/test/install/drontest:/home/dworf/Firmware2/install/aerobot_gz_sim:/home/dworf/PinkDemon/install/pink_demon:/opt/ros/humble /usr/bin/cmake --build /home/dworf/And/build/factarial -- -j16 -l16
[5.111s] Level 1:colcon.colcon_core.environment:create_environment_scripts_only(factarial)
[5.111s] Level 1:colcon.colcon_core.environment:checking '/home/dworf/And/install/factarial' for CMake module files
[5.112s] Level 1:colcon.colcon_core.environment:checking '/home/dworf/And/install/factarial' for CMake config files
[5.112s] Level 1:colcon.colcon_core.shell:create_environment_hook('factarial', 'cmake_prefix_path')
[5.112s] INFO:colcon.colcon_core.shell:Creating environment hook '/home/dworf/And/install/factarial/share/factarial/hook/cmake_prefix_path.ps1'
[5.113s] INFO:colcon.colcon_core.shell:Creating environment descriptor '/home/dworf/And/install/factarial/share/factarial/hook/cmake_prefix_path.dsv'
[5.113s] INFO:colcon.colcon_core.shell:Creating environment hook '/home/dworf/And/install/factarial/share/factarial/hook/cmake_prefix_path.sh'
[5.113s] Level 1:colcon.colcon_core.environment:checking '/home/dworf/And/install/factarial/lib'
[5.113s] Level 1:colcon.colcon_core.environment:checking '/home/dworf/And/install/factarial/bin'
[5.113s] Level 1:colcon.colcon_core.environment:checking '/home/dworf/And/install/factarial/lib/pkgconfig/factarial.pc'
[5.114s] Level 1:colcon.colcon_core.environment:checking '/home/dworf/And/install/factarial/lib/python3.10/site-packages'
[5.114s] Level 1:colcon.colcon_core.environment:checking '/home/dworf/And/install/factarial/bin'
[5.114s] INFO:colcon.colcon_core.shell:Creating package script '/home/dworf/And/install/factarial/share/factarial/package.ps1'
[5.114s] INFO:colcon.colcon_core.shell:Creating package descriptor '/home/dworf/And/install/factarial/share/factarial/package.dsv'
[5.115s] INFO:colcon.colcon_core.shell:Creating package script '/home/dworf/And/install/factarial/share/factarial/package.sh'
[5.115s] INFO:colcon.colcon_core.shell:Creating package script '/home/dworf/And/install/factarial/share/factarial/package.bash'
[5.115s] INFO:colcon.colcon_core.shell:Creating package script '/home/dworf/And/install/factarial/share/factarial/package.zsh'
[5.116s] Level 1:colcon.colcon_core.environment:create_file_with_runtime_dependencies(/home/dworf/And/install/factarial/share/colcon-core/packages/factarial)
[5.126s] DEBUG:colcon.colcon_parallel_executor.executor.parallel:closing loop
[5.126s] DEBUG:colcon.colcon_parallel_executor.executor.parallel:loop closed
[5.126s] DEBUG:colcon.colcon_parallel_executor.executor.parallel:run_until_complete finished with '2'
[5.127s] DEBUG:colcon.colcon_core.event_reactor:joining thread
[5.131s] INFO:colcon.colcon_core.plugin_system:Skipping extension 'colcon_notification.desktop_notification.terminal_notifier': Not used on non-Darwin systems
[5.131s] INFO:colcon.colcon_core.plugin_system:Skipping extension 'colcon_notification.desktop_notification.win32': Not used on non-Windows systems
[5.131s] INFO:colcon.colcon_notification.desktop_notification:Sending desktop notification using 'notify2'
[5.144s] DEBUG:colcon.colcon_core.event_reactor:joined thread
[5.145s] INFO:colcon.colcon_core.shell:Creating prefix script '/home/dworf/And/install/local_setup.ps1'
[5.147s] INFO:colcon.colcon_core.shell:Creating prefix util module '/home/dworf/And/install/_local_setup_util_ps1.py'
[5.148s] INFO:colcon.colcon_core.shell:Creating prefix chain script '/home/dworf/And/install/setup.ps1'
[5.149s] INFO:colcon.colcon_core.shell:Creating prefix script '/home/dworf/And/install/local_setup.sh'
[5.150s] INFO:colcon.colcon_core.shell:Creating prefix util module '/home/dworf/And/install/_local_setup_util_sh.py'
[5.150s] INFO:colcon.colcon_core.shell:Creating prefix chain script '/home/dworf/And/install/setup.sh'
[5.151s] INFO:colcon.colcon_core.shell:Creating prefix script '/home/dworf/And/install/local_setup.bash'
[5.152s] INFO:colcon.colcon_core.shell:Creating prefix chain script '/home/dworf/And/install/setup.bash'
[5.153s] INFO:colcon.colcon_core.shell:Creating prefix script '/home/dworf/And/install/local_setup.zsh'
[5.153s] INFO:colcon.colcon_core.shell:Creating prefix chain script '/home/dworf/And/install/setup.zsh'
