[0.265s] DEBUG:colcon:Command line arguments: ['/usr/bin/colcon', 'list', '-p', '--base-paths', '/home/dworf/And']
[0.265s] DEBUG:colcon:Parsed command line arguments: Namespace(log_base=None, log_level=None, verb_name='list', build_base='build', ignore_user_meta=False, metas=['./colcon.meta'], base_paths=['/home/dworf/And'], packages_ignore=None, packages_ignore_regex=None, paths=None, packages_up_to=None, packages_up_to_regex=None, packages_above=None, packages_above_and_dependencies=None, packages_above_depth=None, packages_select_by_dep=None, packages_skip_by_dep=None, packages_skip_up_to=None, packages_select_build_failed=False, packages_skip_build_finished=False, packages_select_test_failures=False, packages_skip_test_passed=False, packages_select=None, packages_skip=None, packages_select_regex=None, packages_skip_regex=None, packages_start=None, packages_end=None, allow_overriding=[], topological_order=False, names_only=False, paths_only=True, topological_graph=False, topological_graph_dot=False, topological_graph_density=False, topological_graph_legend=False, topological_graph_dot_cluster=False, topological_graph_dot_include_skipped=False, verb_parser=<colcon_defaults.argument_parser.defaults.DefaultArgumentsDecorator object at 0x73d3a9635bd0>, verb_extension=<colcon_package_information.verb.list.ListVerb object at 0x73d3a9735f00>, main=<bound method ListVerb.main of <colcon_package_information.verb.list.ListVerb object at 0x73d3a9735f00>>)
[0.749s] Level 1:colcon.colcon_core.package_discovery:discover_packages(colcon_meta) check parameters
[0.750s] Level 1:colcon.colcon_core.package_discovery:discover_packages(recursive) check parameters
[0.750s] Level 1:colcon.colcon_core.package_discovery:discover_packages(ignore) check parameters
[0.750s] Level 1:colcon.colcon_core.package_discovery:discover_packages(path) check parameters
[0.750s] Level 1:colcon.colcon_core.package_discovery:discover_packages(recursive) discover
[0.750s] INFO:colcon.colcon_core.package_discovery:Crawling recursively for packages in '/home/dworf/And'
[0.750s] Level 1:colcon.colcon_core.package_identification:_identify(/home/dworf/And) by extensions ['ignore', 'ignore_ament_install']
[0.751s] Level 1:colcon.colcon_core.package_identification:_identify(/home/dworf/And) by extension 'ignore'
[0.751s] Level 1:colcon.colcon_core.package_identification:_identify(/home/dworf/And) by extension 'ignore_ament_install'
[0.751s] Level 1:colcon.colcon_core.package_identification:_identify(/home/dworf/And) by extensions ['colcon_pkg']
[0.751s] Level 1:colcon.colcon_core.package_identification:_identify(/home/dworf/And) by extension 'colcon_pkg'
[0.751s] Level 1:colcon.colcon_core.package_identification:_identify(/home/dworf/And) by extensions ['colcon_meta']
[0.751s] Level 1:colcon.colcon_core.package_identification:_identify(/home/dworf/And) by extension 'colcon_meta'
[0.751s] Level 1:colcon.colcon_core.package_identification:_identify(/home/dworf/And) by extensions ['ros']
[0.751s] Level 1:colcon.colcon_core.package_identification:_identify(/home/dworf/And) by extension 'ros'
[0.778s] Level 1:colcon.colcon_core.package_identification:_identify(/home/dworf/And) by extensions ['cmake', 'python']
[0.778s] Level 1:colcon.colcon_core.package_identification:_identify(/home/dworf/And) by extension 'cmake'
[0.778s] Level 1:colcon.colcon_core.package_identification:_identify(/home/dworf/And) by extension 'python'
[0.778s] Level 1:colcon.colcon_core.package_identification:_identify(/home/dworf/And) by extensions ['python_setup_py']
[0.778s] Level 1:colcon.colcon_core.package_identification:_identify(/home/dworf/And) by extension 'python_setup_py'
[0.779s] Level 1:colcon.colcon_core.package_identification:_identify(/home/dworf/And/build) by extensions ['ignore', 'ignore_ament_install']
[0.779s] Level 1:colcon.colcon_core.package_identification:_identify(/home/dworf/And/build) by extension 'ignore'
[0.779s] Level 1:colcon.colcon_core.package_identification:_identify(/home/dworf/And/build) ignored
[0.779s] Level 1:colcon.colcon_core.package_identification:_identify(/home/dworf/And/install) by extensions ['ignore', 'ignore_ament_install']
[0.779s] Level 1:colcon.colcon_core.package_identification:_identify(/home/dworf/And/install) by extension 'ignore'
[0.780s] Level 1:colcon.colcon_core.package_identification:_identify(/home/dworf/And/install) ignored
[0.780s] Level 1:colcon.colcon_core.package_identification:_identify(/home/dworf/And/log) by extensions ['ignore', 'ignore_ament_install']
[0.780s] Level 1:colcon.colcon_core.package_identification:_identify(/home/dworf/And/log) by extension 'ignore'
[0.780s] Level 1:colcon.colcon_core.package_identification:_identify(/home/dworf/And/log) ignored
[0.780s] Level 1:colcon.colcon_core.package_identification:_identify(/home/dworf/And/src) by extensions ['ignore', 'ignore_ament_install']
[0.780s] Level 1:colcon.colcon_core.package_identification:_identify(/home/dworf/And/src) by extension 'ignore'
[0.781s] Level 1:colcon.colcon_core.package_identification:_identify(/home/dworf/And/src) by extension 'ignore_ament_install'
[0.781s] Level 1:colcon.colcon_core.package_identification:_identify(/home/dworf/And/src) by extensions ['colcon_pkg']
[0.781s] Level 1:colcon.colcon_core.package_identification:_identify(/home/dworf/And/src) by extension 'colcon_pkg'
[0.781s] Level 1:colcon.colcon_core.package_identification:_identify(/home/dworf/And/src) by extensions ['colcon_meta']
[0.781s] Level 1:colcon.colcon_core.package_identification:_identify(/home/dworf/And/src) by extension 'colcon_meta'
[0.781s] Level 1:colcon.colcon_core.package_identification:_identify(/home/dworf/And/src) by extensions ['ros']
[0.781s] Level 1:colcon.colcon_core.package_identification:_identify(/home/dworf/And/src) by extension 'ros'
[0.781s] Level 1:colcon.colcon_core.package_identification:_identify(/home/dworf/And/src) by extensions ['cmake', 'python']
[0.781s] Level 1:colcon.colcon_core.package_identification:_identify(/home/dworf/And/src) by extension 'cmake'
[0.781s] Level 1:colcon.colcon_core.package_identification:_identify(/home/dworf/And/src) by extension 'python'
[0.782s] Level 1:colcon.colcon_core.package_identification:_identify(/home/dworf/And/src) by extensions ['python_setup_py']
[0.782s] Level 1:colcon.colcon_core.package_identification:_identify(/home/dworf/And/src) by extension 'python_setup_py'
[0.782s] Level 1:colcon.colcon_core.package_identification:_identify(/home/dworf/And/src/cpp) by extensions ['ignore', 'ignore_ament_install']
[0.782s] Level 1:colcon.colcon_core.package_identification:_identify(/home/dworf/And/src/cpp) by extension 'ignore'
[0.782s] Level 1:colcon.colcon_core.package_identification:_identify(/home/dworf/And/src/cpp) by extension 'ignore_ament_install'
[0.782s] Level 1:colcon.colcon_core.package_identification:_identify(/home/dworf/And/src/cpp) by extensions ['colcon_pkg']
[0.782s] Level 1:colcon.colcon_core.package_identification:_identify(/home/dworf/And/src/cpp) by extension 'colcon_pkg'
[0.782s] Level 1:colcon.colcon_core.package_identification:_identify(/home/dworf/And/src/cpp) by extensions ['colcon_meta']
[0.782s] Level 1:colcon.colcon_core.package_identification:_identify(/home/dworf/And/src/cpp) by extension 'colcon_meta'
[0.783s] Level 1:colcon.colcon_core.package_identification:_identify(/home/dworf/And/src/cpp) by extensions ['ros']
[0.783s] Level 1:colcon.colcon_core.package_identification:_identify(/home/dworf/And/src/cpp) by extension 'ros'
[0.789s] DEBUG:colcon.colcon_core.package_identification:Package '/home/dworf/And/src/cpp' with type 'ros.ament_cmake' and name 'cpp'
[0.789s] Level 1:colcon.colcon_core.package_identification:_identify(/home/dworf/And/src/factarial) by extensions ['ignore', 'ignore_ament_install']
[0.789s] Level 1:colcon.colcon_core.package_identification:_identify(/home/dworf/And/src/factarial) by extension 'ignore'
[0.790s] Level 1:colcon.colcon_core.package_identification:_identify(/home/dworf/And/src/factarial) by extension 'ignore_ament_install'
[0.790s] Level 1:colcon.colcon_core.package_identification:_identify(/home/dworf/And/src/factarial) by extensions ['colcon_pkg']
[0.790s] Level 1:colcon.colcon_core.package_identification:_identify(/home/dworf/And/src/factarial) by extension 'colcon_pkg'
[0.790s] Level 1:colcon.colcon_core.package_identification:_identify(/home/dworf/And/src/factarial) by extensions ['colcon_meta']
[0.790s] Level 1:colcon.colcon_core.package_identification:_identify(/home/dworf/And/src/factarial) by extension 'colcon_meta'
[0.790s] Level 1:colcon.colcon_core.package_identification:_identify(/home/dworf/And/src/factarial) by extensions ['ros']
[0.790s] Level 1:colcon.colcon_core.package_identification:_identify(/home/dworf/And/src/factarial) by extension 'ros'
[0.792s] DEBUG:colcon.colcon_core.package_identification:Package '/home/dworf/And/src/factarial' with type 'ros.ament_cmake' and name 'factarial'
[0.792s] Level 1:colcon.colcon_core.package_discovery:discover_packages(recursive) using defaults
