-- Found ament_cmake: 1.3.10 (/opt/ros/humble/share/ament_cmake/cmake)
-- Found rclcpp: 16.0.10 (/opt/ros/humble/share/rclcpp/cmake)
-- Found rosidl_generator_c: 3.1.5 (/opt/ros/humble/share/rosidl_generator_c/cmake)
-- Found rosidl_adapter: 3.1.5 (/opt/ros/humble/share/rosidl_adapter/cmake)
-- Found rosidl_generator_cpp: 3.1.5 (/opt/ros/humble/share/rosidl_generator_cpp/cmake)
-- Using all available rosidl_typesupport_c: rosidl_typesupport_fastrtps_c;rosidl_typesupport_introspection_c
-- Using all available rosidl_typesupport_cpp: rosidl_typesupport_fastrtps_cpp;rosidl_typesupport_introspection_cpp
-- Found rmw_implementation_cmake: 6.1.2 (/opt/ros/humble/share/rmw_implementation_cmake/cmake)
-- Found rmw_cyclonedds_cpp: 1.3.4 (/opt/ros/humble/share/rmw_cyclonedds_cpp/cmake)
-- Using RMW implementation 'rmw_cyclonedds_cpp' as default
-- Found test_msgs: 0.0.0 (/home/dworf/test/install/test_msgs/share/test_msgs/cmake)
-- Found ament_lint_auto: 0.12.11 (/opt/ros/humble/share/ament_lint_auto/cmake)
-- Added test 'cppcheck' to perform static code analysis on C / C++ code
-- Configured cppcheck include dirs: 
-- Configured cppcheck exclude dirs and/or files: 
-- Added test 'lint_cmake' to check CMake code style
-- Added test 'uncrustify' to check C / C++ code style
-- Configured uncrustify additional arguments: 
-- Added test 'xmllint' to check XML markup files
-- Configuring done
-- Generating done
-- Build files have been written to: /home/dworf/And/build/factarial
[ 50%] [32mBuilding CXX object CMakeFiles/fact_srv.dir/src/factSRV.cpp.o[0m
[ 50%] [32mBuilding CXX object CMakeFiles/fact_cln.dir/src/factCNT.cpp.o[0m
[ 75%] [32m[1mLinking CXX executable fact_srv[0m
[ 75%] Built target fact_srv
[100%] [32m[1mLinking CXX executable fact_cln[0m
[100%] Built target fact_cln
-- Install configuration: ""
-- Installing: /home/dworf/And/install/factarial/lib/factarial/fact_srv
-- Set runtime path of "/home/dworf/And/install/factarial/lib/factarial/fact_srv" to ""
-- Installing: /home/dworf/And/install/factarial/lib/factarial/fact_cln
-- Set runtime path of "/home/dworf/And/install/factarial/lib/factarial/fact_cln" to ""
-- Up-to-date: /home/dworf/And/install/factarial/share/ament_index/resource_index/package_run_dependencies/factarial
-- Installing: /home/dworf/And/install/factarial/share/ament_index/resource_index/parent_prefix_path/factarial
-- Up-to-date: /home/dworf/And/install/factarial/share/factarial/environment/ament_prefix_path.sh
-- Installing: /home/dworf/And/install/factarial/share/factarial/environment/ament_prefix_path.dsv
-- Up-to-date: /home/dworf/And/install/factarial/share/factarial/environment/path.sh
-- Installing: /home/dworf/And/install/factarial/share/factarial/environment/path.dsv
-- Up-to-date: /home/dworf/And/install/factarial/share/factarial/local_setup.bash
-- Up-to-date: /home/dworf/And/install/factarial/share/factarial/local_setup.sh
-- Up-to-date: /home/dworf/And/install/factarial/share/factarial/local_setup.zsh
-- Installing: /home/dworf/And/install/factarial/share/factarial/local_setup.dsv
-- Installing: /home/dworf/And/install/factarial/share/factarial/package.dsv
-- Up-to-date: /home/dworf/And/install/factarial/share/ament_index/resource_index/packages/factarial
-- Up-to-date: /home/dworf/And/install/factarial/share/factarial/cmake/factarialConfig.cmake
-- Up-to-date: /home/dworf/And/install/factarial/share/factarial/cmake/factarialConfig-version.cmake
-- Up-to-date: /home/dworf/And/install/factarial/share/factarial/package.xml
