[0.248s] DEBUG:colcon:Command line arguments: ['/usr/bin/colcon', 'build']
[0.248s] DEBUG:colcon:Parsed command line arguments: Namespace(log_base=None, log_level=None, verb_name='build', build_base='build', install_base='install', merge_install=False, symlink_install=False, test_result_base=None, continue_on_error=False, executor='parallel', parallel_workers=16, event_handlers=None, ignore_user_meta=False, metas=['./colcon.meta'], base_paths=['.'], packages_ignore=None, packages_ignore_regex=None, paths=None, packages_up_to=None, packages_up_to_regex=None, packages_above=None, packages_above_and_dependencies=None, packages_above_depth=None, packages_select_by_dep=None, packages_skip_by_dep=None, packages_skip_up_to=None, packages_select_build_failed=False, packages_skip_build_finished=False, packages_select_test_failures=False, packages_skip_test_passed=False, packages_select=None, packages_skip=None, packages_select_regex=None, packages_skip_regex=None, packages_start=None, packages_end=None, allow_overriding=[], cmake_args=None, cmake_target=None, cmake_target_skip_unavailable=False, cmake_clean_cache=False, cmake_clean_first=False, cmake_force_configure=False, ament_cmake_args=None, catkin_cmake_args=None, catkin_skip_building_tests=False, verb_parser=<colcon_defaults.argument_parser.defaults.DefaultArgumentsDecorator object at 0x7ea322628c10>, verb_extension=<colcon_core.verb.build.BuildVerb object at 0x7ea32273d8a0>, main=<bound method BuildVerb.main of <colcon_core.verb.build.BuildVerb object at 0x7ea32273d8a0>>)
[0.708s] Level 1:colcon.colcon_core.package_discovery:discover_packages(colcon_meta) check parameters
[0.708s] Level 1:colcon.colcon_core.package_discovery:discover_packages(recursive) check parameters
[0.708s] Level 1:colcon.colcon_core.package_discovery:discover_packages(ignore) check parameters
[0.708s] Level 1:colcon.colcon_core.package_discovery:discover_packages(path) check parameters
[0.708s] Level 1:colcon.colcon_core.package_discovery:discover_packages(colcon_meta) discover
[0.709s] Level 1:colcon.colcon_core.package_discovery:discover_packages(recursive) discover
[0.709s] INFO:colcon.colcon_core.package_discovery:Crawling recursively for packages in '/home/dworf/And'
[0.709s] Level 1:colcon.colcon_core.package_identification:_identify(.) by extensions ['ignore', 'ignore_ament_install']
[0.709s] Level 1:colcon.colcon_core.package_identification:_identify(.) by extension 'ignore'
[0.709s] Level 1:colcon.colcon_core.package_identification:_identify(.) by extension 'ignore_ament_install'
[0.709s] Level 1:colcon.colcon_core.package_identification:_identify(.) by extensions ['colcon_pkg']
[0.709s] Level 1:colcon.colcon_core.package_identification:_identify(.) by extension 'colcon_pkg'
[0.710s] Level 1:colcon.colcon_core.package_identification:_identify(.) by extensions ['colcon_meta']
[0.710s] Level 1:colcon.colcon_core.package_identification:_identify(.) by extension 'colcon_meta'
[0.710s] Level 1:colcon.colcon_core.package_identification:_identify(.) by extensions ['ros']
[0.710s] Level 1:colcon.colcon_core.package_identification:_identify(.) by extension 'ros'
[0.736s] Level 1:colcon.colcon_core.package_identification:_identify(.) by extensions ['cmake', 'python']
[0.736s] Level 1:colcon.colcon_core.package_identification:_identify(.) by extension 'cmake'
[0.736s] Level 1:colcon.colcon_core.package_identification:_identify(.) by extension 'python'
[0.737s] Level 1:colcon.colcon_core.package_identification:_identify(.) by extensions ['python_setup_py']
[0.737s] Level 1:colcon.colcon_core.package_identification:_identify(.) by extension 'python_setup_py'
[0.737s] Level 1:colcon.colcon_core.package_identification:_identify(build) by extensions ['ignore', 'ignore_ament_install']
[0.737s] Level 1:colcon.colcon_core.package_identification:_identify(build) by extension 'ignore'
[0.737s] Level 1:colcon.colcon_core.package_identification:_identify(build) ignored
[0.738s] Level 1:colcon.colcon_core.package_identification:_identify(install) by extensions ['ignore', 'ignore_ament_install']
[0.738s] Level 1:colcon.colcon_core.package_identification:_identify(install) by extension 'ignore'
[0.738s] Level 1:colcon.colcon_core.package_identification:_identify(install) ignored
[0.738s] Level 1:colcon.colcon_core.package_identification:_identify(log) by extensions ['ignore', 'ignore_ament_install']
[0.738s] Level 1:colcon.colcon_core.package_identification:_identify(log) by extension 'ignore'
[0.738s] Level 1:colcon.colcon_core.package_identification:_identify(log) ignored
[0.739s] Level 1:colcon.colcon_core.package_identification:_identify(src) by extensions ['ignore', 'ignore_ament_install']
[0.739s] Level 1:colcon.colcon_core.package_identification:_identify(src) by extension 'ignore'
[0.739s] Level 1:colcon.colcon_core.package_identification:_identify(src) by extension 'ignore_ament_install'
[0.739s] Level 1:colcon.colcon_core.package_identification:_identify(src) by extensions ['colcon_pkg']
[0.739s] Level 1:colcon.colcon_core.package_identification:_identify(src) by extension 'colcon_pkg'
[0.739s] Level 1:colcon.colcon_core.package_identification:_identify(src) by extensions ['colcon_meta']
[0.739s] Level 1:colcon.colcon_core.package_identification:_identify(src) by extension 'colcon_meta'
[0.739s] Level 1:colcon.colcon_core.package_identification:_identify(src) by extensions ['ros']
[0.739s] Level 1:colcon.colcon_core.package_identification:_identify(src) by extension 'ros'
[0.740s] Level 1:colcon.colcon_core.package_identification:_identify(src) by extensions ['cmake', 'python']
[0.740s] Level 1:colcon.colcon_core.package_identification:_identify(src) by extension 'cmake'
[0.740s] Level 1:colcon.colcon_core.package_identification:_identify(src) by extension 'python'
[0.740s] Level 1:colcon.colcon_core.package_identification:_identify(src) by extensions ['python_setup_py']
[0.740s] Level 1:colcon.colcon_core.package_identification:_identify(src) by extension 'python_setup_py'
[0.740s] Level 1:colcon.colcon_core.package_identification:_identify(src/cpp) by extensions ['ignore', 'ignore_ament_install']
[0.740s] Level 1:colcon.colcon_core.package_identification:_identify(src/cpp) by extension 'ignore'
[0.740s] Level 1:colcon.colcon_core.package_identification:_identify(src/cpp) by extension 'ignore_ament_install'
[0.741s] Level 1:colcon.colcon_core.package_identification:_identify(src/cpp) by extensions ['colcon_pkg']
[0.741s] Level 1:colcon.colcon_core.package_identification:_identify(src/cpp) by extension 'colcon_pkg'
[0.741s] Level 1:colcon.colcon_core.package_identification:_identify(src/cpp) by extensions ['colcon_meta']
[0.741s] Level 1:colcon.colcon_core.package_identification:_identify(src/cpp) by extension 'colcon_meta'
[0.741s] Level 1:colcon.colcon_core.package_identification:_identify(src/cpp) by extensions ['ros']
[0.741s] Level 1:colcon.colcon_core.package_identification:_identify(src/cpp) by extension 'ros'
[0.747s] DEBUG:colcon.colcon_core.package_identification:Package 'src/cpp' with type 'ros.ament_cmake' and name 'cpp'
[0.747s] Level 1:colcon.colcon_core.package_identification:_identify(src/factarial) by extensions ['ignore', 'ignore_ament_install']
[0.748s] Level 1:colcon.colcon_core.package_identification:_identify(src/factarial) by extension 'ignore'
[0.748s] Level 1:colcon.colcon_core.package_identification:_identify(src/factarial) by extension 'ignore_ament_install'
[0.748s] Level 1:colcon.colcon_core.package_identification:_identify(src/factarial) by extensions ['colcon_pkg']
[0.748s] Level 1:colcon.colcon_core.package_identification:_identify(src/factarial) by extension 'colcon_pkg'
[0.748s] Level 1:colcon.colcon_core.package_identification:_identify(src/factarial) by extensions ['colcon_meta']
[0.748s] Level 1:colcon.colcon_core.package_identification:_identify(src/factarial) by extension 'colcon_meta'
[0.749s] Level 1:colcon.colcon_core.package_identification:_identify(src/factarial) by extensions ['ros']
[0.749s] Level 1:colcon.colcon_core.package_identification:_identify(src/factarial) by extension 'ros'
[0.751s] DEBUG:colcon.colcon_core.package_identification:Package 'src/factarial' with type 'ros.ament_cmake' and name 'factarial'
[0.751s] Level 1:colcon.colcon_core.package_discovery:discover_packages(recursive) using defaults
[0.751s] Level 1:colcon.colcon_core.package_discovery:discover_packages(ignore) discover
[0.751s] Level 1:colcon.colcon_core.package_discovery:discover_packages(ignore) using defaults
[0.751s] Level 1:colcon.colcon_core.package_discovery:discover_packages(path) discover
[0.751s] Level 1:colcon.colcon_core.package_discovery:discover_packages(path) using defaults
[0.815s] Level 1:colcon.colcon_core.package_discovery:discover_packages(prefix_path) check parameters
[0.815s] Level 1:colcon.colcon_core.package_discovery:discover_packages(prefix_path) discover
[0.819s] DEBUG:colcon.colcon_installed_package_information.package_discovery:Found 5 installed packages in /home/dworf/test/install
[0.820s] DEBUG:colcon.colcon_installed_package_information.package_discovery:Found 4 installed packages in /home/dworf/Firmware2/install
[0.821s] DEBUG:colcon.colcon_installed_package_information.package_discovery:Found 3 installed packages in /home/dworf/PinkDemon/install
[0.826s] DEBUG:colcon.colcon_installed_package_information.package_discovery:Found 332 installed packages in /opt/ros/humble
[0.830s] Level 1:colcon.colcon_core.package_discovery:discover_packages(prefix_path) using defaults
[0.932s] Level 5:colcon.colcon_core.verb:set package 'cpp' build argument 'cmake_args' from command line to 'None'
[0.932s] Level 5:colcon.colcon_core.verb:set package 'cpp' build argument 'cmake_target' from command line to 'None'
[0.932s] Level 5:colcon.colcon_core.verb:set package 'cpp' build argument 'cmake_target_skip_unavailable' from command line to 'False'
[0.932s] Level 5:colcon.colcon_core.verb:set package 'cpp' build argument 'cmake_clean_cache' from command line to 'False'
[0.932s] Level 5:colcon.colcon_core.verb:set package 'cpp' build argument 'cmake_clean_first' from command line to 'False'
[0.932s] Level 5:colcon.colcon_core.verb:set package 'cpp' build argument 'cmake_force_configure' from command line to 'False'
[0.932s] Level 5:colcon.colcon_core.verb:set package 'cpp' build argument 'ament_cmake_args' from command line to 'None'
[0.932s] Level 5:colcon.colcon_core.verb:set package 'cpp' build argument 'catkin_cmake_args' from command line to 'None'
[0.932s] Level 5:colcon.colcon_core.verb:set package 'cpp' build argument 'catkin_skip_building_tests' from command line to 'False'
[0.932s] DEBUG:colcon.colcon_core.verb:Building package 'cpp' with the following arguments: {'ament_cmake_args': None, 'build_base': '/home/dworf/And/build/cpp', 'catkin_cmake_args': None, 'catkin_skip_building_tests': False, 'cmake_args': None, 'cmake_clean_cache': False, 'cmake_clean_first': False, 'cmake_force_configure': False, 'cmake_target': None, 'cmake_target_skip_unavailable': False, 'install_base': '/home/dworf/And/install/cpp', 'merge_install': False, 'path': '/home/dworf/And/src/cpp', 'symlink_install': False, 'test_result_base': None}
[0.933s] Level 5:colcon.colcon_core.verb:set package 'factarial' build argument 'cmake_args' from command line to 'None'
[0.933s] Level 5:colcon.colcon_core.verb:set package 'factarial' build argument 'cmake_target' from command line to 'None'
[0.933s] Level 5:colcon.colcon_core.verb:set package 'factarial' build argument 'cmake_target_skip_unavailable' from command line to 'False'
[0.933s] Level 5:colcon.colcon_core.verb:set package 'factarial' build argument 'cmake_clean_cache' from command line to 'False'
[0.933s] Level 5:colcon.colcon_core.verb:set package 'factarial' build argument 'cmake_clean_first' from command line to 'False'
[0.933s] Level 5:colcon.colcon_core.verb:set package 'factarial' build argument 'cmake_force_configure' from command line to 'False'
[0.933s] Level 5:colcon.colcon_core.verb:set package 'factarial' build argument 'ament_cmake_args' from command line to 'None'
[0.934s] Level 5:colcon.colcon_core.verb:set package 'factarial' build argument 'catkin_cmake_args' from command line to 'None'
[0.934s] Level 5:colcon.colcon_core.verb:set package 'factarial' build argument 'catkin_skip_building_tests' from command line to 'False'
[0.934s] DEBUG:colcon.colcon_core.verb:Building package 'factarial' with the following arguments: {'ament_cmake_args': None, 'build_base': '/home/dworf/And/build/factarial', 'catkin_cmake_args': None, 'catkin_skip_building_tests': False, 'cmake_args': None, 'cmake_clean_cache': False, 'cmake_clean_first': False, 'cmake_force_configure': False, 'cmake_target': None, 'cmake_target_skip_unavailable': False, 'install_base': '/home/dworf/And/install/factarial', 'merge_install': False, 'path': '/home/dworf/And/src/factarial', 'symlink_install': False, 'test_result_base': None}
[0.934s] INFO:colcon.colcon_core.executor:Executing jobs using 'parallel' executor
[0.936s] DEBUG:colcon.colcon_parallel_executor.executor.parallel:run_until_complete
[0.936s] INFO:colcon.colcon_ros.task.ament_cmake.build:Building ROS package in '/home/dworf/And/src/cpp' with build type 'ament_cmake'
[0.937s] INFO:colcon.colcon_cmake.task.cmake.build:Building CMake package in '/home/dworf/And/src/cpp'
[0.941s] INFO:colcon.colcon_core.plugin_system:Skipping extension 'colcon_core.shell.bat': Not used on non-Windows systems
[0.942s] INFO:colcon.colcon_core.shell:Skip shell extension 'powershell' for command environment: Not usable outside of PowerShell
[0.942s] DEBUG:colcon.colcon_core.shell:Skip shell extension 'dsv' for command environment
[0.953s] INFO:colcon.colcon_ros.task.ament_cmake.build:Building ROS package in '/home/dworf/And/src/factarial' with build type 'ament_cmake'
[0.954s] INFO:colcon.colcon_cmake.task.cmake.build:Building CMake package in '/home/dworf/And/src/factarial'
[0.954s] INFO:colcon.colcon_core.shell:Skip shell extension 'powershell' for command environment: Not usable outside of PowerShell
[0.954s] DEBUG:colcon.colcon_core.shell:Skip shell extension 'dsv' for command environment
[0.979s] DEBUG:colcon.colcon_core.event_handler.log_command:Invoking command in '/home/dworf/And/build/cpp': CMAKE_PREFIX_PATH=${CMAKE_PREFIX_PATH}:/home/dworf/test/install/drontest:/home/dworf/Firmware2/install/aerobot_gz_sim:/home/dworf/PinkDemon/install/pink_demon:/opt/ros/humble /usr/bin/cmake --build /home/dworf/And/build/cpp -- -j16 -l16
[0.987s] DEBUG:colcon.colcon_core.event_handler.log_command:Invoking command in '/home/dworf/And/build/factarial': CMAKE_PREFIX_PATH=${CMAKE_PREFIX_PATH}:/home/dworf/test/install/drontest:/home/dworf/Firmware2/install/aerobot_gz_sim:/home/dworf/PinkDemon/install/pink_demon:/opt/ros/humble /usr/bin/cmake --build /home/dworf/And/build/factarial -- -j16 -l16
[1.175s] DEBUG:colcon.colcon_core.event_handler.log_command:Invoked command in '/home/dworf/And/build/cpp' returned '0': CMAKE_PREFIX_PATH=${CMAKE_PREFIX_PATH}:/home/dworf/test/install/drontest:/home/dworf/Firmware2/install/aerobot_gz_sim:/home/dworf/PinkDemon/install/pink_demon:/opt/ros/humble /usr/bin/cmake --build /home/dworf/And/build/cpp -- -j16 -l16
[1.275s] DEBUG:colcon.colcon_core.event_handler.log_command:Invoking command in '/home/dworf/And/build/cpp': CMAKE_PREFIX_PATH=${CMAKE_PREFIX_PATH}:/home/dworf/test/install/drontest:/home/dworf/Firmware2/install/aerobot_gz_sim:/home/dworf/PinkDemon/install/pink_demon:/opt/ros/humble /usr/bin/cmake --install /home/dworf/And/build/cpp
[1.301s] Level 1:colcon.colcon_core.environment:create_environment_scripts_only(cpp)
[1.303s] DEBUG:colcon.colcon_core.event_handler.log_command:Invoked command in '/home/dworf/And/build/cpp' returned '0': CMAKE_PREFIX_PATH=${CMAKE_PREFIX_PATH}:/home/dworf/test/install/drontest:/home/dworf/Firmware2/install/aerobot_gz_sim:/home/dworf/PinkDemon/install/pink_demon:/opt/ros/humble /usr/bin/cmake --install /home/dworf/And/build/cpp
[1.308s] Level 1:colcon.colcon_core.environment:checking '/home/dworf/And/install/cpp' for CMake module files
[1.310s] Level 1:colcon.colcon_core.environment:checking '/home/dworf/And/install/cpp' for CMake config files
[1.311s] Level 1:colcon.colcon_core.shell:create_environment_hook('cpp', 'cmake_prefix_path')
[1.312s] INFO:colcon.colcon_core.shell:Creating environment hook '/home/dworf/And/install/cpp/share/cpp/hook/cmake_prefix_path.ps1'
[1.314s] INFO:colcon.colcon_core.shell:Creating environment descriptor '/home/dworf/And/install/cpp/share/cpp/hook/cmake_prefix_path.dsv'
[1.315s] INFO:colcon.colcon_core.shell:Creating environment hook '/home/dworf/And/install/cpp/share/cpp/hook/cmake_prefix_path.sh'
[1.317s] Level 1:colcon.colcon_core.environment:checking '/home/dworf/And/install/cpp/lib'
[1.318s] Level 1:colcon.colcon_core.environment:checking '/home/dworf/And/install/cpp/bin'
[1.318s] Level 1:colcon.colcon_core.environment:checking '/home/dworf/And/install/cpp/lib/pkgconfig/cpp.pc'
[1.319s] Level 1:colcon.colcon_core.environment:checking '/home/dworf/And/install/cpp/lib/python3.10/site-packages'
[1.319s] Level 1:colcon.colcon_core.environment:checking '/home/dworf/And/install/cpp/bin'
[1.320s] INFO:colcon.colcon_core.shell:Creating package script '/home/dworf/And/install/cpp/share/cpp/package.ps1'
[1.322s] INFO:colcon.colcon_core.shell:Creating package descriptor '/home/dworf/And/install/cpp/share/cpp/package.dsv'
[1.323s] INFO:colcon.colcon_core.shell:Creating package script '/home/dworf/And/install/cpp/share/cpp/package.sh'
[1.325s] INFO:colcon.colcon_core.shell:Creating package script '/home/dworf/And/install/cpp/share/cpp/package.bash'
[1.327s] INFO:colcon.colcon_core.shell:Creating package script '/home/dworf/And/install/cpp/share/cpp/package.zsh'
[1.329s] Level 1:colcon.colcon_core.environment:create_file_with_runtime_dependencies(/home/dworf/And/install/cpp/share/colcon-core/packages/cpp)
[1.405s] Level 1:colcon.colcon_core.environment:create_environment_scripts_only(cpp)
[1.406s] Level 1:colcon.colcon_core.environment:checking '/home/dworf/And/install/cpp' for CMake module files
[1.407s] Level 1:colcon.colcon_core.environment:checking '/home/dworf/And/install/cpp' for CMake config files
[1.408s] Level 1:colcon.colcon_core.shell:create_environment_hook('cpp', 'cmake_prefix_path')
[1.408s] INFO:colcon.colcon_core.shell:Creating environment hook '/home/dworf/And/install/cpp/share/cpp/hook/cmake_prefix_path.ps1'
[1.409s] INFO:colcon.colcon_core.shell:Creating environment descriptor '/home/dworf/And/install/cpp/share/cpp/hook/cmake_prefix_path.dsv'
[1.410s] INFO:colcon.colcon_core.shell:Creating environment hook '/home/dworf/And/install/cpp/share/cpp/hook/cmake_prefix_path.sh'
[1.411s] Level 1:colcon.colcon_core.environment:checking '/home/dworf/And/install/cpp/lib'
[1.411s] Level 1:colcon.colcon_core.environment:checking '/home/dworf/And/install/cpp/bin'
[1.412s] Level 1:colcon.colcon_core.environment:checking '/home/dworf/And/install/cpp/lib/pkgconfig/cpp.pc'
[1.412s] Level 1:colcon.colcon_core.environment:checking '/home/dworf/And/install/cpp/lib/python3.10/site-packages'
[1.413s] Level 1:colcon.colcon_core.environment:checking '/home/dworf/And/install/cpp/bin'
[1.413s] INFO:colcon.colcon_core.shell:Creating package script '/home/dworf/And/install/cpp/share/cpp/package.ps1'
[1.414s] INFO:colcon.colcon_core.shell:Creating package descriptor '/home/dworf/And/install/cpp/share/cpp/package.dsv'
[1.415s] INFO:colcon.colcon_core.shell:Creating package script '/home/dworf/And/install/cpp/share/cpp/package.sh'
[1.416s] INFO:colcon.colcon_core.shell:Creating package script '/home/dworf/And/install/cpp/share/cpp/package.bash'
[1.417s] INFO:colcon.colcon_core.shell:Creating package script '/home/dworf/And/install/cpp/share/cpp/package.zsh'
[1.418s] Level 1:colcon.colcon_core.environment:create_file_with_runtime_dependencies(/home/dworf/And/install/cpp/share/colcon-core/packages/cpp)
[9.095s] DEBUG:colcon.colcon_core.event_handler.log_command:Invoked command in '/home/dworf/And/build/factarial' returned '0': CMAKE_PREFIX_PATH=${CMAKE_PREFIX_PATH}:/home/dworf/test/install/drontest:/home/dworf/Firmware2/install/aerobot_gz_sim:/home/dworf/PinkDemon/install/pink_demon:/opt/ros/humble /usr/bin/cmake --build /home/dworf/And/build/factarial -- -j16 -l16
[9.157s] DEBUG:colcon.colcon_core.event_handler.log_command:Invoking command in '/home/dworf/And/build/factarial': CMAKE_PREFIX_PATH=${CMAKE_PREFIX_PATH}:/home/dworf/test/install/drontest:/home/dworf/Firmware2/install/aerobot_gz_sim:/home/dworf/PinkDemon/install/pink_demon:/opt/ros/humble /usr/bin/cmake --install /home/dworf/And/build/factarial
[9.178s] Level 1:colcon.colcon_core.environment:create_environment_scripts_only(factarial)
[9.179s] Level 1:colcon.colcon_core.environment:checking '/home/dworf/And/install/factarial' for CMake module files
[9.180s] DEBUG:colcon.colcon_core.event_handler.log_command:Invoked command in '/home/dworf/And/build/factarial' returned '0': CMAKE_PREFIX_PATH=${CMAKE_PREFIX_PATH}:/home/dworf/test/install/drontest:/home/dworf/Firmware2/install/aerobot_gz_sim:/home/dworf/PinkDemon/install/pink_demon:/opt/ros/humble /usr/bin/cmake --install /home/dworf/And/build/factarial
[9.180s] Level 1:colcon.colcon_core.environment:checking '/home/dworf/And/install/factarial' for CMake config files
[9.180s] Level 1:colcon.colcon_core.shell:create_environment_hook('factarial', 'cmake_prefix_path')
[9.181s] INFO:colcon.colcon_core.shell:Creating environment hook '/home/dworf/And/install/factarial/share/factarial/hook/cmake_prefix_path.ps1'
[9.181s] INFO:colcon.colcon_core.shell:Creating environment descriptor '/home/dworf/And/install/factarial/share/factarial/hook/cmake_prefix_path.dsv'
[9.182s] INFO:colcon.colcon_core.shell:Creating environment hook '/home/dworf/And/install/factarial/share/factarial/hook/cmake_prefix_path.sh'
[9.182s] Level 1:colcon.colcon_core.environment:checking '/home/dworf/And/install/factarial/lib'
[9.182s] Level 1:colcon.colcon_core.environment:checking '/home/dworf/And/install/factarial/bin'
[9.183s] Level 1:colcon.colcon_core.environment:checking '/home/dworf/And/install/factarial/lib/pkgconfig/factarial.pc'
[9.183s] Level 1:colcon.colcon_core.environment:checking '/home/dworf/And/install/factarial/lib/python3.10/site-packages'
[9.183s] Level 1:colcon.colcon_core.environment:checking '/home/dworf/And/install/factarial/bin'
[9.183s] INFO:colcon.colcon_core.shell:Creating package script '/home/dworf/And/install/factarial/share/factarial/package.ps1'
[9.184s] INFO:colcon.colcon_core.shell:Creating package descriptor '/home/dworf/And/install/factarial/share/factarial/package.dsv'
[9.185s] INFO:colcon.colcon_core.shell:Creating package script '/home/dworf/And/install/factarial/share/factarial/package.sh'
[9.185s] INFO:colcon.colcon_core.shell:Creating package script '/home/dworf/And/install/factarial/share/factarial/package.bash'
[9.186s] INFO:colcon.colcon_core.shell:Creating package script '/home/dworf/And/install/factarial/share/factarial/package.zsh'
[9.186s] Level 1:colcon.colcon_core.environment:create_file_with_runtime_dependencies(/home/dworf/And/install/factarial/share/colcon-core/packages/factarial)
[9.246s] Level 1:colcon.colcon_core.environment:create_environment_scripts_only(factarial)
[9.246s] Level 1:colcon.colcon_core.environment:checking '/home/dworf/And/install/factarial' for CMake module files
[9.247s] Level 1:colcon.colcon_core.environment:checking '/home/dworf/And/install/factarial' for CMake config files
[9.247s] Level 1:colcon.colcon_core.shell:create_environment_hook('factarial', 'cmake_prefix_path')
[9.247s] INFO:colcon.colcon_core.shell:Creating environment hook '/home/dworf/And/install/factarial/share/factarial/hook/cmake_prefix_path.ps1'
[9.248s] INFO:colcon.colcon_core.shell:Creating environment descriptor '/home/dworf/And/install/factarial/share/factarial/hook/cmake_prefix_path.dsv'
[9.248s] INFO:colcon.colcon_core.shell:Creating environment hook '/home/dworf/And/install/factarial/share/factarial/hook/cmake_prefix_path.sh'
[9.249s] Level 1:colcon.colcon_core.environment:checking '/home/dworf/And/install/factarial/lib'
[9.249s] Level 1:colcon.colcon_core.environment:checking '/home/dworf/And/install/factarial/bin'
[9.249s] Level 1:colcon.colcon_core.environment:checking '/home/dworf/And/install/factarial/lib/pkgconfig/factarial.pc'
[9.250s] Level 1:colcon.colcon_core.environment:checking '/home/dworf/And/install/factarial/lib/python3.10/site-packages'
[9.250s] Level 1:colcon.colcon_core.environment:checking '/home/dworf/And/install/factarial/bin'
[9.250s] INFO:colcon.colcon_core.shell:Creating package script '/home/dworf/And/install/factarial/share/factarial/package.ps1'
[9.251s] INFO:colcon.colcon_core.shell:Creating package descriptor '/home/dworf/And/install/factarial/share/factarial/package.dsv'
[9.252s] INFO:colcon.colcon_core.shell:Creating package script '/home/dworf/And/install/factarial/share/factarial/package.sh'
[9.252s] INFO:colcon.colcon_core.shell:Creating package script '/home/dworf/And/install/factarial/share/factarial/package.bash'
[9.253s] INFO:colcon.colcon_core.shell:Creating package script '/home/dworf/And/install/factarial/share/factarial/package.zsh'
[9.253s] Level 1:colcon.colcon_core.environment:create_file_with_runtime_dependencies(/home/dworf/And/install/factarial/share/colcon-core/packages/factarial)
[9.254s] DEBUG:colcon.colcon_parallel_executor.executor.parallel:closing loop
[9.254s] DEBUG:colcon.colcon_parallel_executor.executor.parallel:loop closed
[9.255s] DEBUG:colcon.colcon_parallel_executor.executor.parallel:run_until_complete finished with '0'
[9.255s] DEBUG:colcon.colcon_core.event_reactor:joining thread
[9.261s] INFO:colcon.colcon_core.plugin_system:Skipping extension 'colcon_notification.desktop_notification.terminal_notifier': Not used on non-Darwin systems
[9.261s] INFO:colcon.colcon_core.plugin_system:Skipping extension 'colcon_notification.desktop_notification.win32': Not used on non-Windows systems
[9.262s] INFO:colcon.colcon_notification.desktop_notification:Sending desktop notification using 'notify2'
[9.278s] DEBUG:colcon.colcon_core.event_reactor:joined thread
[9.279s] INFO:colcon.colcon_core.shell:Creating prefix script '/home/dworf/And/install/local_setup.ps1'
[9.280s] INFO:colcon.colcon_core.shell:Creating prefix util module '/home/dworf/And/install/_local_setup_util_ps1.py'
[9.282s] INFO:colcon.colcon_core.shell:Creating prefix chain script '/home/dworf/And/install/setup.ps1'
[9.284s] INFO:colcon.colcon_core.shell:Creating prefix script '/home/dworf/And/install/local_setup.sh'
[9.285s] INFO:colcon.colcon_core.shell:Creating prefix util module '/home/dworf/And/install/_local_setup_util_sh.py'
[9.286s] INFO:colcon.colcon_core.shell:Creating prefix chain script '/home/dworf/And/install/setup.sh'
[9.288s] INFO:colcon.colcon_core.shell:Creating prefix script '/home/dworf/And/install/local_setup.bash'
[9.288s] INFO:colcon.colcon_core.shell:Creating prefix chain script '/home/dworf/And/install/setup.bash'
[9.290s] INFO:colcon.colcon_core.shell:Creating prefix script '/home/dworf/And/install/local_setup.zsh'
[9.291s] INFO:colcon.colcon_core.shell:Creating prefix chain script '/home/dworf/And/install/setup.zsh'
