[0.013s] Invoking command in '/home/dworf/And/build/factarial': CMAKE_PREFIX_PATH=${CMAKE_PREFIX_PATH}:/home/dworf/test/install/drontest:/home/dworf/Firmware2/install/aerobot_gz_sim:/home/dworf/PinkDemon/install/pink_demon:/opt/ros/humble /usr/bin/cmake --build /home/dworf/And/build/factarial -- -j16 -l16
[0.055s] [35m[1mConsolidate compiler generated dependencies of target fact_srv[0m
[0.055s] [35m[1mConsolidate compiler generated dependencies of target fact_cln[0m
[0.074s] [ 75%] [32mBuilding CXX object CMakeFiles/fact_cln.dir/src/factCNT.cpp.o[0m
[0.075s] [ 75%] Built target fact_srv
[2.154s] In file included from [01m[K/opt/ros/humble/include/rclcpp/rclcpp/logging.hpp:24[m[K,
[2.155s]                  from [01m[K/opt/ros/humble/include/rclcpp/rclcpp/client.hpp:40[m[K,
[2.155s]                  from [01m[K/opt/ros/humble/include/rclcpp/rclcpp/callback_group.hpp:24[m[K,
[2.155s]                  from [01m[K/opt/ros/humble/include/rclcpp/rclcpp/any_executable.hpp:20[m[K,
[2.155s]                  from [01m[K/opt/ros/humble/include/rclcpp/rclcpp/memory_strategy.hpp:25[m[K,
[2.155s]                  from [01m[K/opt/ros/humble/include/rclcpp/rclcpp/memory_strategies.hpp:18[m[K,
[2.155s]                  from [01m[K/opt/ros/humble/include/rclcpp/rclcpp/executor_options.hpp:20[m[K,
[2.155s]                  from [01m[K/opt/ros/humble/include/rclcpp/rclcpp/executor.hpp:37[m[K,
[2.155s]                  from [01m[K/opt/ros/humble/include/rclcpp/rclcpp/executors/multi_threaded_executor.hpp:25[m[K,
[2.155s]                  from [01m[K/opt/ros/humble/include/rclcpp/rclcpp/executors.hpp:21[m[K,
[2.155s]                  from [01m[K/opt/ros/humble/include/rclcpp/rclcpp/rclcpp.hpp:155[m[K,
[2.155s]                  from [01m[K/home/dworf/And/src/factarial/src/factCNT.cpp:1[m[K:
[2.155s] [01m[K/home/dworf/And/src/factarial/src/factCNT.cpp:[m[K In function ‘[01m[Kint main(int, char**)[m[K’:
[2.155s] [01m[K/home/dworf/And/src/factarial/src/factCNT.cpp:27:51:[m[K [01;35m[Kwarning: [m[Kformat ‘[01m[K%d[m[K’ expects argument of type ‘[01m[Kint[m[K’, but argument 5 has type ‘[01m[Ktest_msgs::srv::Fact_Request_<std::allocator<void> >::_numb_type[m[K’ {aka ‘[01m[Klong int[m[K’} [[01;35m[K]8;;https://gcc.gnu.org/onlinedocs/gcc/Warning-Options.html#index-Wformat=-Wformat=]8;;[m[K]
[2.155s]    27 |         RCLCPP_INFO(rclcpp::get_logger("rclcpp"), [01;35m[K"Factorial of %d is %d"[m[K, [32m[Krequest->numb[m[K, result.get()->result);
[2.155s]       |                                                   [01;35m[K^~~~~~~~~~~~~~~~~~~~~~~[m[K  [32m[K~~~~~~~~~~~~~[m[K
[2.156s]       |                                                                                     [32m[K|[m[K
[2.156s]       |                                                                                     [32m[Ktest_msgs::srv::Fact_Request_<std::allocator<void> >::_numb_type {aka long int}[m[K
[2.156s] [01m[K/home/dworf/And/src/factarial/src/factCNT.cpp:27:66:[m[K [01;36m[Knote: [m[Kformat string is defined here
[2.156s]    27 |    RCLCPP_INFO(rclcpp::get_logger("rclcpp"), "Factorial of [01;36m[K%d[m[K is %d", request->numb, result.get()->result);
[2.156s]       |                                                            [01;36m[K~^[m[K
[2.156s]       |                                                             [01;36m[K|[m[K
[2.156s]       |                                                             [01;36m[Kint[m[K
[2.156s]       |                                                            [32m[K%ld[m[K
[2.156s] In file included from [01m[K/opt/ros/humble/include/rclcpp/rclcpp/logging.hpp:24[m[K,
[2.156s]                  from [01m[K/opt/ros/humble/include/rclcpp/rclcpp/client.hpp:40[m[K,
[2.156s]                  from [01m[K/opt/ros/humble/include/rclcpp/rclcpp/callback_group.hpp:24[m[K,
[2.156s]                  from [01m[K/opt/ros/humble/include/rclcpp/rclcpp/any_executable.hpp:20[m[K,
[2.156s]                  from [01m[K/opt/ros/humble/include/rclcpp/rclcpp/memory_strategy.hpp:25[m[K,
[2.156s]                  from [01m[K/opt/ros/humble/include/rclcpp/rclcpp/memory_strategies.hpp:18[m[K,
[2.156s]                  from [01m[K/opt/ros/humble/include/rclcpp/rclcpp/executor_options.hpp:20[m[K,
[2.156s]                  from [01m[K/opt/ros/humble/include/rclcpp/rclcpp/executor.hpp:37[m[K,
[2.156s]                  from [01m[K/opt/ros/humble/include/rclcpp/rclcpp/executors/multi_threaded_executor.hpp:25[m[K,
[2.157s]                  from [01m[K/opt/ros/humble/include/rclcpp/rclcpp/executors.hpp:21[m[K,
[2.157s]                  from [01m[K/opt/ros/humble/include/rclcpp/rclcpp/rclcpp.hpp:155[m[K,
[2.157s]                  from [01m[K/home/dworf/And/src/factarial/src/factCNT.cpp:1[m[K:
[2.157s] [01m[K/home/dworf/And/src/factarial/src/factCNT.cpp:27:51:[m[K [01;35m[Kwarning: [m[Kformat ‘[01m[K%d[m[K’ expects argument of type ‘[01m[Kint[m[K’, but argument 6 has type ‘[01m[Ktest_msgs::srv::Fact_Response_<std::allocator<void> >::_result_type[m[K’ {aka ‘[01m[Klong int[m[K’} [[01;35m[K]8;;https://gcc.gnu.org/onlinedocs/gcc/Warning-Options.html#index-Wformat=-Wformat=]8;;[m[K]
[2.157s]    27 |         RCLCPP_INFO(rclcpp::get_logger("rclcpp"), [01;35m[K"Factorial of %d is %d"[m[K, request->numb, [32m[Kresult.get()->result[m[K);
[2.157s]       |                                                   [01;35m[K^~~~~~~~~~~~~~~~~~~~~~~[m[K                 [32m[K~~~~~~~~~~~~~~~~~~~~[m[K
[2.157s]       |                                                                                                         [32m[K|[m[K
[2.157s]       |                                                                                                         [32m[Ktest_msgs::srv::Fact_Response_<std::allocator<void> >::_result_type {aka long int}[m[K
[2.157s] [01m[K/home/dworf/And/src/factarial/src/factCNT.cpp:27:72:[m[K [01;36m[Knote: [m[Kformat string is defined here
[2.157s]    27 | CPP_INFO(rclcpp::get_logger("rclcpp"), "Factorial of %d is [01;36m[K%d[m[K", request->numb, result.get()->result);
[2.157s]       |                                                            [01;36m[K~^[m[K
[2.157s]       |                                                             [01;36m[K|[m[K
[2.157s]       |                                                             [01;36m[Kint[m[K
[2.157s]       |                                                            [32m[K%ld[m[K
[3.141s] [100%] [32m[1mLinking CXX executable fact_cln[0m
[3.304s] [100%] Built target fact_cln
[3.319s] Invoked command in '/home/dworf/And/build/factarial' returned '0': CMAKE_PREFIX_PATH=${CMAKE_PREFIX_PATH}:/home/dworf/test/install/drontest:/home/dworf/Firmware2/install/aerobot_gz_sim:/home/dworf/PinkDemon/install/pink_demon:/opt/ros/humble /usr/bin/cmake --build /home/dworf/And/build/factarial -- -j16 -l16
[3.361s] Invoking command in '/home/dworf/And/build/factarial': CMAKE_PREFIX_PATH=${CMAKE_PREFIX_PATH}:/home/dworf/test/install/drontest:/home/dworf/Firmware2/install/aerobot_gz_sim:/home/dworf/PinkDemon/install/pink_demon:/opt/ros/humble /usr/bin/cmake --install /home/dworf/And/build/factarial
[3.368s] -- Install configuration: ""
[3.368s] -- Up-to-date: /home/dworf/And/install/factarial/lib/factarial/fact_srv
[3.368s] -- Installing: /home/dworf/And/install/factarial/lib/factarial/fact_cln
[3.369s] -- Set runtime path of "/home/dworf/And/install/factarial/lib/factarial/fact_cln" to ""
[3.369s] -- Up-to-date: /home/dworf/And/install/factarial/share/ament_index/resource_index/package_run_dependencies/factarial
[3.369s] -- Up-to-date: /home/dworf/And/install/factarial/share/ament_index/resource_index/parent_prefix_path/factarial
[3.370s] -- Up-to-date: /home/dworf/And/install/factarial/share/factarial/environment/ament_prefix_path.sh
[3.370s] -- Up-to-date: /home/dworf/And/install/factarial/share/factarial/environment/ament_prefix_path.dsv
[3.370s] -- Up-to-date: /home/dworf/And/install/factarial/share/factarial/environment/path.sh
[3.370s] -- Up-to-date: /home/dworf/And/install/factarial/share/factarial/environment/path.dsv
[3.370s] -- Up-to-date: /home/dworf/And/install/factarial/share/factarial/local_setup.bash
[3.370s] -- Up-to-date: /home/dworf/And/install/factarial/share/factarial/local_setup.sh
[3.370s] -- Up-to-date: /home/dworf/And/install/factarial/share/factarial/local_setup.zsh
[3.370s] -- Up-to-date: /home/dworf/And/install/factarial/share/factarial/local_setup.dsv
[3.370s] -- Installing: /home/dworf/And/install/factarial/share/factarial/package.dsv
[3.370s] -- Up-to-date: /home/dworf/And/install/factarial/share/ament_index/resource_index/packages/factarial
[3.370s] -- Up-to-date: /home/dworf/And/install/factarial/share/factarial/cmake/factarialConfig.cmake
[3.370s] -- Up-to-date: /home/dworf/And/install/factarial/share/factarial/cmake/factarialConfig-version.cmake
[3.370s] -- Up-to-date: /home/dworf/And/install/factarial/share/factarial/package.xml
[3.372s] Invoked command in '/home/dworf/And/build/factarial' returned '0': CMAKE_PREFIX_PATH=${CMAKE_PREFIX_PATH}:/home/dworf/test/install/drontest:/home/dworf/Firmware2/install/aerobot_gz_sim:/home/dworf/PinkDemon/install/pink_demon:/opt/ros/humble /usr/bin/cmake --install /home/dworf/And/build/factarial
