[0.090s] DEBUG:colcon:Command line arguments: ['/usr/bin/colcon', 'build']
[0.090s] DEBUG:colcon:Parsed command line arguments: Namespace(log_base=None, log_level=None, verb_name='build', build_base='build', install_base='install', merge_install=False, symlink_install=False, test_result_base=None, continue_on_error=False, executor='parallel', parallel_workers=16, event_handlers=None, ignore_user_meta=False, metas=['./colcon.meta'], base_paths=['.'], packages_ignore=None, packages_ignore_regex=None, paths=None, packages_up_to=None, packages_up_to_regex=None, packages_above=None, packages_above_and_dependencies=None, packages_above_depth=None, packages_select_by_dep=None, packages_skip_by_dep=None, packages_skip_up_to=None, packages_select_build_failed=False, packages_skip_build_finished=False, packages_select_test_failures=False, packages_skip_test_passed=False, packages_select=None, packages_skip=None, packages_select_regex=None, packages_skip_regex=None, packages_start=None, packages_end=None, allow_overriding=[], cmake_args=None, cmake_target=None, cmake_target_skip_unavailable=False, cmake_clean_cache=False, cmake_clean_first=False, cmake_force_configure=False, ament_cmake_args=None, catkin_cmake_args=None, catkin_skip_building_tests=False, verb_parser=<colcon_defaults.argument_parser.defaults.DefaultArgumentsDecorator object at 0x705f50dcca60>, verb_extension=<colcon_core.verb.build.BuildVerb object at 0x705f50f396f0>, main=<bound method BuildVerb.main of <colcon_core.verb.build.BuildVerb object at 0x705f50f396f0>>)
[0.243s] Level 1:colcon.colcon_core.package_discovery:discover_packages(colcon_meta) check parameters
[0.243s] Level 1:colcon.colcon_core.package_discovery:discover_packages(recursive) check parameters
[0.243s] Level 1:colcon.colcon_core.package_discovery:discover_packages(ignore) check parameters
[0.243s] Level 1:colcon.colcon_core.package_discovery:discover_packages(path) check parameters
[0.243s] Level 1:colcon.colcon_core.package_discovery:discover_packages(colcon_meta) discover
[0.243s] Level 1:colcon.colcon_core.package_discovery:discover_packages(recursive) discover
[0.243s] INFO:colcon.colcon_core.package_discovery:Crawling recursively for packages in '/home/dworf/And'
[0.243s] Level 1:colcon.colcon_core.package_identification:_identify(.) by extensions ['ignore', 'ignore_ament_install']
[0.244s] Level 1:colcon.colcon_core.package_identification:_identify(.) by extension 'ignore'
[0.244s] Level 1:colcon.colcon_core.package_identification:_identify(.) by extension 'ignore_ament_install'
[0.244s] Level 1:colcon.colcon_core.package_identification:_identify(.) by extensions ['colcon_pkg']
[0.244s] Level 1:colcon.colcon_core.package_identification:_identify(.) by extension 'colcon_pkg'
[0.244s] Level 1:colcon.colcon_core.package_identification:_identify(.) by extensions ['colcon_meta']
[0.244s] Level 1:colcon.colcon_core.package_identification:_identify(.) by extension 'colcon_meta'
[0.244s] Level 1:colcon.colcon_core.package_identification:_identify(.) by extensions ['ros']
[0.244s] Level 1:colcon.colcon_core.package_identification:_identify(.) by extension 'ros'
[0.253s] Level 1:colcon.colcon_core.package_identification:_identify(.) by extensions ['cmake', 'python']
[0.253s] Level 1:colcon.colcon_core.package_identification:_identify(.) by extension 'cmake'
[0.253s] Level 1:colcon.colcon_core.package_identification:_identify(.) by extension 'python'
[0.253s] Level 1:colcon.colcon_core.package_identification:_identify(.) by extensions ['python_setup_py']
[0.253s] Level 1:colcon.colcon_core.package_identification:_identify(.) by extension 'python_setup_py'
[0.253s] Level 1:colcon.colcon_core.package_identification:_identify(build) by extensions ['ignore', 'ignore_ament_install']
[0.253s] Level 1:colcon.colcon_core.package_identification:_identify(build) by extension 'ignore'
[0.253s] Level 1:colcon.colcon_core.package_identification:_identify(build) ignored
[0.253s] Level 1:colcon.colcon_core.package_identification:_identify(install) by extensions ['ignore', 'ignore_ament_install']
[0.253s] Level 1:colcon.colcon_core.package_identification:_identify(install) by extension 'ignore'
[0.253s] Level 1:colcon.colcon_core.package_identification:_identify(install) ignored
[0.253s] Level 1:colcon.colcon_core.package_identification:_identify(log) by extensions ['ignore', 'ignore_ament_install']
[0.253s] Level 1:colcon.colcon_core.package_identification:_identify(log) by extension 'ignore'
[0.253s] Level 1:colcon.colcon_core.package_identification:_identify(log) ignored
[0.254s] Level 1:colcon.colcon_core.package_identification:_identify(src) by extensions ['ignore', 'ignore_ament_install']
[0.254s] Level 1:colcon.colcon_core.package_identification:_identify(src) by extension 'ignore'
[0.254s] Level 1:colcon.colcon_core.package_identification:_identify(src) by extension 'ignore_ament_install'
[0.254s] Level 1:colcon.colcon_core.package_identification:_identify(src) by extensions ['colcon_pkg']
[0.254s] Level 1:colcon.colcon_core.package_identification:_identify(src) by extension 'colcon_pkg'
[0.254s] Level 1:colcon.colcon_core.package_identification:_identify(src) by extensions ['colcon_meta']
[0.254s] Level 1:colcon.colcon_core.package_identification:_identify(src) by extension 'colcon_meta'
[0.254s] Level 1:colcon.colcon_core.package_identification:_identify(src) by extensions ['ros']
[0.254s] Level 1:colcon.colcon_core.package_identification:_identify(src) by extension 'ros'
[0.254s] Level 1:colcon.colcon_core.package_identification:_identify(src) by extensions ['cmake', 'python']
[0.254s] Level 1:colcon.colcon_core.package_identification:_identify(src) by extension 'cmake'
[0.254s] Level 1:colcon.colcon_core.package_identification:_identify(src) by extension 'python'
[0.254s] Level 1:colcon.colcon_core.package_identification:_identify(src) by extensions ['python_setup_py']
[0.254s] Level 1:colcon.colcon_core.package_identification:_identify(src) by extension 'python_setup_py'
[0.254s] Level 1:colcon.colcon_core.package_identification:_identify(src/cpp) by extensions ['ignore', 'ignore_ament_install']
[0.254s] Level 1:colcon.colcon_core.package_identification:_identify(src/cpp) by extension 'ignore'
[0.254s] Level 1:colcon.colcon_core.package_identification:_identify(src/cpp) by extension 'ignore_ament_install'
[0.254s] Level 1:colcon.colcon_core.package_identification:_identify(src/cpp) by extensions ['colcon_pkg']
[0.254s] Level 1:colcon.colcon_core.package_identification:_identify(src/cpp) by extension 'colcon_pkg'
[0.254s] Level 1:colcon.colcon_core.package_identification:_identify(src/cpp) by extensions ['colcon_meta']
[0.254s] Level 1:colcon.colcon_core.package_identification:_identify(src/cpp) by extension 'colcon_meta'
[0.254s] Level 1:colcon.colcon_core.package_identification:_identify(src/cpp) by extensions ['ros']
[0.254s] Level 1:colcon.colcon_core.package_identification:_identify(src/cpp) by extension 'ros'
[0.256s] DEBUG:colcon.colcon_core.package_identification:Package 'src/cpp' with type 'ros.ament_cmake' and name 'cpp'
[0.256s] Level 1:colcon.colcon_core.package_identification:_identify(src/factarial) by extensions ['ignore', 'ignore_ament_install']
[0.256s] Level 1:colcon.colcon_core.package_identification:_identify(src/factarial) by extension 'ignore'
[0.257s] Level 1:colcon.colcon_core.package_identification:_identify(src/factarial) by extension 'ignore_ament_install'
[0.257s] Level 1:colcon.colcon_core.package_identification:_identify(src/factarial) by extensions ['colcon_pkg']
[0.257s] Level 1:colcon.colcon_core.package_identification:_identify(src/factarial) by extension 'colcon_pkg'
[0.257s] Level 1:colcon.colcon_core.package_identification:_identify(src/factarial) by extensions ['colcon_meta']
[0.257s] Level 1:colcon.colcon_core.package_identification:_identify(src/factarial) by extension 'colcon_meta'
[0.257s] Level 1:colcon.colcon_core.package_identification:_identify(src/factarial) by extensions ['ros']
[0.257s] Level 1:colcon.colcon_core.package_identification:_identify(src/factarial) by extension 'ros'
[0.257s] DEBUG:colcon.colcon_core.package_identification:Package 'src/factarial' with type 'ros.ament_cmake' and name 'factarial'
[0.257s] Level 1:colcon.colcon_core.package_discovery:discover_packages(recursive) using defaults
[0.257s] Level 1:colcon.colcon_core.package_discovery:discover_packages(ignore) discover
[0.257s] Level 1:colcon.colcon_core.package_discovery:discover_packages(ignore) using defaults
[0.257s] Level 1:colcon.colcon_core.package_discovery:discover_packages(path) discover
[0.257s] Level 1:colcon.colcon_core.package_discovery:discover_packages(path) using defaults
[0.286s] Level 1:colcon.colcon_core.package_discovery:discover_packages(prefix_path) check parameters
[0.286s] Level 1:colcon.colcon_core.package_discovery:discover_packages(prefix_path) discover
[0.288s] DEBUG:colcon.colcon_installed_package_information.package_discovery:Found 2 installed packages in /home/dworf/And/install
[0.288s] DEBUG:colcon.colcon_installed_package_information.package_discovery:Found 5 installed packages in /home/dworf/test/install
[0.288s] DEBUG:colcon.colcon_installed_package_information.package_discovery:Found 4 installed packages in /home/dworf/Firmware2/install
[0.289s] DEBUG:colcon.colcon_installed_package_information.package_discovery:Found 3 installed packages in /home/dworf/PinkDemon/install
[0.290s] DEBUG:colcon.colcon_installed_package_information.package_discovery:Found 332 installed packages in /opt/ros/humble
[0.291s] Level 1:colcon.colcon_core.package_discovery:discover_packages(prefix_path) using defaults
[0.326s] Level 5:colcon.colcon_core.verb:set package 'cpp' build argument 'cmake_args' from command line to 'None'
[0.326s] Level 5:colcon.colcon_core.verb:set package 'cpp' build argument 'cmake_target' from command line to 'None'
[0.326s] Level 5:colcon.colcon_core.verb:set package 'cpp' build argument 'cmake_target_skip_unavailable' from command line to 'False'
[0.326s] Level 5:colcon.colcon_core.verb:set package 'cpp' build argument 'cmake_clean_cache' from command line to 'False'
[0.326s] Level 5:colcon.colcon_core.verb:set package 'cpp' build argument 'cmake_clean_first' from command line to 'False'
[0.326s] Level 5:colcon.colcon_core.verb:set package 'cpp' build argument 'cmake_force_configure' from command line to 'False'
[0.326s] Level 5:colcon.colcon_core.verb:set package 'cpp' build argument 'ament_cmake_args' from command line to 'None'
[0.326s] Level 5:colcon.colcon_core.verb:set package 'cpp' build argument 'catkin_cmake_args' from command line to 'None'
[0.326s] Level 5:colcon.colcon_core.verb:set package 'cpp' build argument 'catkin_skip_building_tests' from command line to 'False'
[0.326s] DEBUG:colcon.colcon_core.verb:Building package 'cpp' with the following arguments: {'ament_cmake_args': None, 'build_base': '/home/dworf/And/build/cpp', 'catkin_cmake_args': None, 'catkin_skip_building_tests': False, 'cmake_args': None, 'cmake_clean_cache': False, 'cmake_clean_first': False, 'cmake_force_configure': False, 'cmake_target': None, 'cmake_target_skip_unavailable': False, 'install_base': '/home/dworf/And/install/cpp', 'merge_install': False, 'path': '/home/dworf/And/src/cpp', 'symlink_install': False, 'test_result_base': None}
[0.327s] Level 5:colcon.colcon_core.verb:set package 'factarial' build argument 'cmake_args' from command line to 'None'
[0.327s] Level 5:colcon.colcon_core.verb:set package 'factarial' build argument 'cmake_target' from command line to 'None'
[0.327s] Level 5:colcon.colcon_core.verb:set package 'factarial' build argument 'cmake_target_skip_unavailable' from command line to 'False'
[0.327s] Level 5:colcon.colcon_core.verb:set package 'factarial' build argument 'cmake_clean_cache' from command line to 'False'
[0.327s] Level 5:colcon.colcon_core.verb:set package 'factarial' build argument 'cmake_clean_first' from command line to 'False'
[0.327s] Level 5:colcon.colcon_core.verb:set package 'factarial' build argument 'cmake_force_configure' from command line to 'False'
[0.327s] Level 5:colcon.colcon_core.verb:set package 'factarial' build argument 'ament_cmake_args' from command line to 'None'
[0.327s] Level 5:colcon.colcon_core.verb:set package 'factarial' build argument 'catkin_cmake_args' from command line to 'None'
[0.327s] Level 5:colcon.colcon_core.verb:set package 'factarial' build argument 'catkin_skip_building_tests' from command line to 'False'
[0.327s] DEBUG:colcon.colcon_core.verb:Building package 'factarial' with the following arguments: {'ament_cmake_args': None, 'build_base': '/home/dworf/And/build/factarial', 'catkin_cmake_args': None, 'catkin_skip_building_tests': False, 'cmake_args': None, 'cmake_clean_cache': False, 'cmake_clean_first': False, 'cmake_force_configure': False, 'cmake_target': None, 'cmake_target_skip_unavailable': False, 'install_base': '/home/dworf/And/install/factarial', 'merge_install': False, 'path': '/home/dworf/And/src/factarial', 'symlink_install': False, 'test_result_base': None}
[0.327s] INFO:colcon.colcon_core.executor:Executing jobs using 'parallel' executor
[0.328s] DEBUG:colcon.colcon_parallel_executor.executor.parallel:run_until_complete
[0.328s] INFO:colcon.colcon_ros.task.ament_cmake.build:Building ROS package in '/home/dworf/And/src/cpp' with build type 'ament_cmake'
[0.328s] INFO:colcon.colcon_cmake.task.cmake.build:Building CMake package in '/home/dworf/And/src/cpp'
[0.330s] INFO:colcon.colcon_core.plugin_system:Skipping extension 'colcon_core.shell.bat': Not used on non-Windows systems
[0.330s] INFO:colcon.colcon_core.shell:Skip shell extension 'powershell' for command environment: Not usable outside of PowerShell
[0.330s] DEBUG:colcon.colcon_core.shell:Skip shell extension 'dsv' for command environment
[0.335s] INFO:colcon.colcon_ros.task.ament_cmake.build:Building ROS package in '/home/dworf/And/src/factarial' with build type 'ament_cmake'
[0.335s] INFO:colcon.colcon_cmake.task.cmake.build:Building CMake package in '/home/dworf/And/src/factarial'
[0.335s] INFO:colcon.colcon_core.shell:Skip shell extension 'powershell' for command environment: Not usable outside of PowerShell
[0.335s] DEBUG:colcon.colcon_core.shell:Skip shell extension 'dsv' for command environment
[0.347s] DEBUG:colcon.colcon_core.event_handler.log_command:Invoking command in '/home/dworf/And/build/cpp': CMAKE_PREFIX_PATH=${CMAKE_PREFIX_PATH}:/home/dworf/test/install/drontest:/home/dworf/Firmware2/install/aerobot_gz_sim:/home/dworf/PinkDemon/install/pink_demon:/opt/ros/humble /usr/bin/cmake --build /home/dworf/And/build/cpp -- -j16 -l16
[0.351s] DEBUG:colcon.colcon_core.event_handler.log_command:Invoking command in '/home/dworf/And/build/factarial': CMAKE_PREFIX_PATH=${CMAKE_PREFIX_PATH}:/home/dworf/test/install/drontest:/home/dworf/Firmware2/install/aerobot_gz_sim:/home/dworf/PinkDemon/install/pink_demon:/opt/ros/humble /usr/bin/cmake --build /home/dworf/And/build/factarial -- -j16 -l16
[0.426s] DEBUG:colcon.colcon_core.event_handler.log_command:Invoked command in '/home/dworf/And/build/cpp' returned '0': CMAKE_PREFIX_PATH=${CMAKE_PREFIX_PATH}:/home/dworf/test/install/drontest:/home/dworf/Firmware2/install/aerobot_gz_sim:/home/dworf/PinkDemon/install/pink_demon:/opt/ros/humble /usr/bin/cmake --build /home/dworf/And/build/cpp -- -j16 -l16
[0.470s] DEBUG:colcon.colcon_core.event_handler.log_command:Invoking command in '/home/dworf/And/build/cpp': CMAKE_PREFIX_PATH=${CMAKE_PREFIX_PATH}:/home/dworf/test/install/drontest:/home/dworf/Firmware2/install/aerobot_gz_sim:/home/dworf/PinkDemon/install/pink_demon:/opt/ros/humble /usr/bin/cmake --install /home/dworf/And/build/cpp
[0.480s] Level 1:colcon.colcon_core.environment:create_environment_scripts_only(cpp)
[0.481s] DEBUG:colcon.colcon_core.event_handler.log_command:Invoked command in '/home/dworf/And/build/cpp' returned '0': CMAKE_PREFIX_PATH=${CMAKE_PREFIX_PATH}:/home/dworf/test/install/drontest:/home/dworf/Firmware2/install/aerobot_gz_sim:/home/dworf/PinkDemon/install/pink_demon:/opt/ros/humble /usr/bin/cmake --install /home/dworf/And/build/cpp
[0.482s] Level 1:colcon.colcon_core.environment:checking '/home/dworf/And/install/cpp' for CMake module files
[0.483s] Level 1:colcon.colcon_core.environment:checking '/home/dworf/And/install/cpp' for CMake config files
[0.483s] Level 1:colcon.colcon_core.shell:create_environment_hook('cpp', 'cmake_prefix_path')
[0.483s] INFO:colcon.colcon_core.shell:Creating environment hook '/home/dworf/And/install/cpp/share/cpp/hook/cmake_prefix_path.ps1'
[0.484s] INFO:colcon.colcon_core.shell:Creating environment descriptor '/home/dworf/And/install/cpp/share/cpp/hook/cmake_prefix_path.dsv'
[0.484s] INFO:colcon.colcon_core.shell:Creating environment hook '/home/dworf/And/install/cpp/share/cpp/hook/cmake_prefix_path.sh'
[0.485s] Level 1:colcon.colcon_core.environment:checking '/home/dworf/And/install/cpp/lib'
[0.485s] Level 1:colcon.colcon_core.environment:checking '/home/dworf/And/install/cpp/bin'
[0.485s] Level 1:colcon.colcon_core.environment:checking '/home/dworf/And/install/cpp/lib/pkgconfig/cpp.pc'
[0.485s] Level 1:colcon.colcon_core.environment:checking '/home/dworf/And/install/cpp/lib/python3.10/site-packages'
[0.485s] Level 1:colcon.colcon_core.environment:checking '/home/dworf/And/install/cpp/bin'
[0.486s] INFO:colcon.colcon_core.shell:Creating package script '/home/dworf/And/install/cpp/share/cpp/package.ps1'
[0.486s] INFO:colcon.colcon_core.shell:Creating package descriptor '/home/dworf/And/install/cpp/share/cpp/package.dsv'
[0.487s] INFO:colcon.colcon_core.shell:Creating package script '/home/dworf/And/install/cpp/share/cpp/package.sh'
[0.487s] INFO:colcon.colcon_core.shell:Creating package script '/home/dworf/And/install/cpp/share/cpp/package.bash'
[0.488s] INFO:colcon.colcon_core.shell:Creating package script '/home/dworf/And/install/cpp/share/cpp/package.zsh'
[0.488s] Level 1:colcon.colcon_core.environment:create_file_with_runtime_dependencies(/home/dworf/And/install/cpp/share/colcon-core/packages/cpp)
[0.522s] Level 1:colcon.colcon_core.environment:create_environment_scripts_only(cpp)
[0.522s] Level 1:colcon.colcon_core.environment:checking '/home/dworf/And/install/cpp' for CMake module files
[0.522s] Level 1:colcon.colcon_core.environment:checking '/home/dworf/And/install/cpp' for CMake config files
[0.522s] Level 1:colcon.colcon_core.shell:create_environment_hook('cpp', 'cmake_prefix_path')
[0.523s] INFO:colcon.colcon_core.shell:Creating environment hook '/home/dworf/And/install/cpp/share/cpp/hook/cmake_prefix_path.ps1'
[0.523s] INFO:colcon.colcon_core.shell:Creating environment descriptor '/home/dworf/And/install/cpp/share/cpp/hook/cmake_prefix_path.dsv'
[0.524s] INFO:colcon.colcon_core.shell:Creating environment hook '/home/dworf/And/install/cpp/share/cpp/hook/cmake_prefix_path.sh'
[0.524s] Level 1:colcon.colcon_core.environment:checking '/home/dworf/And/install/cpp/lib'
[0.524s] Level 1:colcon.colcon_core.environment:checking '/home/dworf/And/install/cpp/bin'
[0.524s] Level 1:colcon.colcon_core.environment:checking '/home/dworf/And/install/cpp/lib/pkgconfig/cpp.pc'
[0.524s] Level 1:colcon.colcon_core.environment:checking '/home/dworf/And/install/cpp/lib/python3.10/site-packages'
[0.524s] Level 1:colcon.colcon_core.environment:checking '/home/dworf/And/install/cpp/bin'
[0.525s] INFO:colcon.colcon_core.shell:Creating package script '/home/dworf/And/install/cpp/share/cpp/package.ps1'
[0.525s] INFO:colcon.colcon_core.shell:Creating package descriptor '/home/dworf/And/install/cpp/share/cpp/package.dsv'
[0.525s] INFO:colcon.colcon_core.shell:Creating package script '/home/dworf/And/install/cpp/share/cpp/package.sh'
[0.526s] INFO:colcon.colcon_core.shell:Creating package script '/home/dworf/And/install/cpp/share/cpp/package.bash'
[0.526s] INFO:colcon.colcon_core.shell:Creating package script '/home/dworf/And/install/cpp/share/cpp/package.zsh'
[0.526s] Level 1:colcon.colcon_core.environment:create_file_with_runtime_dependencies(/home/dworf/And/install/cpp/share/colcon-core/packages/cpp)
[3.978s] DEBUG:colcon.colcon_core.event_handler.log_command:Invoked command in '/home/dworf/And/build/factarial' returned '0': CMAKE_PREFIX_PATH=${CMAKE_PREFIX_PATH}:/home/dworf/test/install/drontest:/home/dworf/Firmware2/install/aerobot_gz_sim:/home/dworf/PinkDemon/install/pink_demon:/opt/ros/humble /usr/bin/cmake --build /home/dworf/And/build/factarial -- -j16 -l16
[4.015s] DEBUG:colcon.colcon_core.event_handler.log_command:Invoking command in '/home/dworf/And/build/factarial': CMAKE_PREFIX_PATH=${CMAKE_PREFIX_PATH}:/home/dworf/test/install/drontest:/home/dworf/Firmware2/install/aerobot_gz_sim:/home/dworf/PinkDemon/install/pink_demon:/opt/ros/humble /usr/bin/cmake --install /home/dworf/And/build/factarial
[4.029s] Level 1:colcon.colcon_core.environment:create_environment_scripts_only(factarial)
[4.030s] Level 1:colcon.colcon_core.environment:checking '/home/dworf/And/install/factarial' for CMake module files
[4.030s] DEBUG:colcon.colcon_core.event_handler.log_command:Invoked command in '/home/dworf/And/build/factarial' returned '0': CMAKE_PREFIX_PATH=${CMAKE_PREFIX_PATH}:/home/dworf/test/install/drontest:/home/dworf/Firmware2/install/aerobot_gz_sim:/home/dworf/PinkDemon/install/pink_demon:/opt/ros/humble /usr/bin/cmake --install /home/dworf/And/build/factarial
[4.031s] Level 1:colcon.colcon_core.environment:checking '/home/dworf/And/install/factarial' for CMake config files
[4.031s] Level 1:colcon.colcon_core.shell:create_environment_hook('factarial', 'cmake_prefix_path')
[4.031s] INFO:colcon.colcon_core.shell:Creating environment hook '/home/dworf/And/install/factarial/share/factarial/hook/cmake_prefix_path.ps1'
[4.031s] INFO:colcon.colcon_core.shell:Creating environment descriptor '/home/dworf/And/install/factarial/share/factarial/hook/cmake_prefix_path.dsv'
[4.032s] INFO:colcon.colcon_core.shell:Creating environment hook '/home/dworf/And/install/factarial/share/factarial/hook/cmake_prefix_path.sh'
[4.032s] Level 1:colcon.colcon_core.environment:checking '/home/dworf/And/install/factarial/lib'
[4.032s] Level 1:colcon.colcon_core.environment:checking '/home/dworf/And/install/factarial/bin'
[4.032s] Level 1:colcon.colcon_core.environment:checking '/home/dworf/And/install/factarial/lib/pkgconfig/factarial.pc'
[4.032s] Level 1:colcon.colcon_core.environment:checking '/home/dworf/And/install/factarial/lib/python3.10/site-packages'
[4.033s] Level 1:colcon.colcon_core.environment:checking '/home/dworf/And/install/factarial/bin'
[4.033s] INFO:colcon.colcon_core.shell:Creating package script '/home/dworf/And/install/factarial/share/factarial/package.ps1'
[4.033s] INFO:colcon.colcon_core.shell:Creating package descriptor '/home/dworf/And/install/factarial/share/factarial/package.dsv'
[4.034s] INFO:colcon.colcon_core.shell:Creating package script '/home/dworf/And/install/factarial/share/factarial/package.sh'
[4.034s] INFO:colcon.colcon_core.shell:Creating package script '/home/dworf/And/install/factarial/share/factarial/package.bash'
[4.035s] INFO:colcon.colcon_core.shell:Creating package script '/home/dworf/And/install/factarial/share/factarial/package.zsh'
[4.035s] Level 1:colcon.colcon_core.environment:create_file_with_runtime_dependencies(/home/dworf/And/install/factarial/share/colcon-core/packages/factarial)
[4.070s] Level 1:colcon.colcon_core.environment:create_environment_scripts_only(factarial)
[4.070s] Level 1:colcon.colcon_core.environment:checking '/home/dworf/And/install/factarial' for CMake module files
[4.070s] Level 1:colcon.colcon_core.environment:checking '/home/dworf/And/install/factarial' for CMake config files
[4.070s] Level 1:colcon.colcon_core.shell:create_environment_hook('factarial', 'cmake_prefix_path')
[4.070s] INFO:colcon.colcon_core.shell:Creating environment hook '/home/dworf/And/install/factarial/share/factarial/hook/cmake_prefix_path.ps1'
[4.071s] INFO:colcon.colcon_core.shell:Creating environment descriptor '/home/dworf/And/install/factarial/share/factarial/hook/cmake_prefix_path.dsv'
[4.071s] INFO:colcon.colcon_core.shell:Creating environment hook '/home/dworf/And/install/factarial/share/factarial/hook/cmake_prefix_path.sh'
[4.072s] Level 1:colcon.colcon_core.environment:checking '/home/dworf/And/install/factarial/lib'
[4.072s] Level 1:colcon.colcon_core.environment:checking '/home/dworf/And/install/factarial/bin'
[4.072s] Level 1:colcon.colcon_core.environment:checking '/home/dworf/And/install/factarial/lib/pkgconfig/factarial.pc'
[4.072s] Level 1:colcon.colcon_core.environment:checking '/home/dworf/And/install/factarial/lib/python3.10/site-packages'
[4.072s] Level 1:colcon.colcon_core.environment:checking '/home/dworf/And/install/factarial/bin'
[4.072s] INFO:colcon.colcon_core.shell:Creating package script '/home/dworf/And/install/factarial/share/factarial/package.ps1'
[4.073s] INFO:colcon.colcon_core.shell:Creating package descriptor '/home/dworf/And/install/factarial/share/factarial/package.dsv'
[4.073s] INFO:colcon.colcon_core.shell:Creating package script '/home/dworf/And/install/factarial/share/factarial/package.sh'
[4.073s] INFO:colcon.colcon_core.shell:Creating package script '/home/dworf/And/install/factarial/share/factarial/package.bash'
[4.074s] INFO:colcon.colcon_core.shell:Creating package script '/home/dworf/And/install/factarial/share/factarial/package.zsh'
[4.074s] Level 1:colcon.colcon_core.environment:create_file_with_runtime_dependencies(/home/dworf/And/install/factarial/share/colcon-core/packages/factarial)
[4.075s] DEBUG:colcon.colcon_parallel_executor.executor.parallel:closing loop
[4.075s] DEBUG:colcon.colcon_parallel_executor.executor.parallel:loop closed
[4.075s] DEBUG:colcon.colcon_parallel_executor.executor.parallel:run_until_complete finished with '0'
[4.075s] DEBUG:colcon.colcon_core.event_reactor:joining thread
[4.080s] INFO:colcon.colcon_core.plugin_system:Skipping extension 'colcon_notification.desktop_notification.terminal_notifier': Not used on non-Darwin systems
[4.080s] INFO:colcon.colcon_core.plugin_system:Skipping extension 'colcon_notification.desktop_notification.win32': Not used on non-Windows systems
[4.080s] INFO:colcon.colcon_notification.desktop_notification:Sending desktop notification using 'notify2'
[4.090s] DEBUG:colcon.colcon_core.event_reactor:joined thread
[4.091s] INFO:colcon.colcon_core.shell:Creating prefix script '/home/dworf/And/install/local_setup.ps1'
[4.092s] INFO:colcon.colcon_core.shell:Creating prefix util module '/home/dworf/And/install/_local_setup_util_ps1.py'
[4.093s] INFO:colcon.colcon_core.shell:Creating prefix chain script '/home/dworf/And/install/setup.ps1'
[4.095s] INFO:colcon.colcon_core.shell:Creating prefix script '/home/dworf/And/install/local_setup.sh'
[4.095s] INFO:colcon.colcon_core.shell:Creating prefix util module '/home/dworf/And/install/_local_setup_util_sh.py'
[4.096s] INFO:colcon.colcon_core.shell:Creating prefix chain script '/home/dworf/And/install/setup.sh'
[4.097s] INFO:colcon.colcon_core.shell:Creating prefix script '/home/dworf/And/install/local_setup.bash'
[4.097s] INFO:colcon.colcon_core.shell:Creating prefix chain script '/home/dworf/And/install/setup.bash'
[4.098s] INFO:colcon.colcon_core.shell:Creating prefix script '/home/dworf/And/install/local_setup.zsh'
[4.099s] INFO:colcon.colcon_core.shell:Creating prefix chain script '/home/dworf/And/install/setup.zsh'
