[35m[1mConsolidate compiler generated dependencies of target fact_cln[0m
[ 25%] Built target service
[ 50%] [32mBuilding CXX object CMakeFiles/fact_srv.dir/src/factSRV.cpp.o[0m
[ 62%] Built target client
[ 87%] Built target fact_cln
In file included from [01m[K/opt/ros/humble/include/rclcpp/rclcpp/logging.hpp:24[m[K,
                 from [01m[K/opt/ros/humble/include/rclcpp/rclcpp/client.hpp:40[m[K,
                 from [01m[K/opt/ros/humble/include/rclcpp/rclcpp/callback_group.hpp:24[m[K,
                 from [01m[K/opt/ros/humble/include/rclcpp/rclcpp/any_executable.hpp:20[m[K,
                 from [01m[K/opt/ros/humble/include/rclcpp/rclcpp/memory_strategy.hpp:25[m[K,
                 from [01m[K/opt/ros/humble/include/rclcpp/rclcpp/memory_strategies.hpp:18[m[K,
                 from [01m[K/opt/ros/humble/include/rclcpp/rclcpp/executor_options.hpp:20[m[K,
                 from [01m[K/opt/ros/humble/include/rclcpp/rclcpp/executor.hpp:37[m[K,
                 from [01m[K/opt/ros/humble/include/rclcpp/rclcpp/executors/multi_threaded_executor.hpp:25[m[K,
                 from [01m[K/opt/ros/humble/include/rclcpp/rclcpp/executors.hpp:21[m[K,
                 from [01m[K/opt/ros/humble/include/rclcpp/rclcpp/rclcpp.hpp:155[m[K,
                 from [01m[K/home/dworf/And/src/factarial/src/factSRV.cpp:1[m[K:
[01m[K/home/dworf/And/src/factarial/src/factSRV.cpp:[m[K In function ‘[01m[Kvoid factorial(std::shared_ptr<test_msgs::srv::Fact_Request_<std::allocator<void> > >, std::shared_ptr<test_msgs::srv::Fact_Response_<std::allocator<void> > >)[m[K’:
[01m[K/home/dworf/And/src/factarial/src/factSRV.cpp:20:51:[m[K [01;35m[Kwarning: [m[Kformat ‘[01m[K%ld[m[K’ expects argument of type ‘[01m[Klong int[m[K’, but argument 6 has type ‘[01m[Kunsigned int[m[K’ [[01;35m[K]8;;https://gcc.gnu.org/onlinedocs/gcc/Warning-Options.html#index-Wformat=-Wformat=]8;;[m[K]
   20 |         RCLCPP_INFO(rclcpp::get_logger("rclcpp"), [01;35m[K"Factorial of %d is %ld"[m[K, number,[32m[Kfactorial[m[K);
      |                                                   [01;35m[K^~~~~~~~~~~~~~~~~~~~~~~~[m[K         [32m[K~~~~~~~~~[m[K
      |                                                                                    [32m[K|[m[K
      |                                                                                    [32m[Kunsigned int[m[K
[01m[K/home/dworf/And/src/factarial/src/factSRV.cpp:20:73:[m[K [01;36m[Knote: [m[Kformat string is defined here
   20 |         RCLCPP_INFO(rclcpp::get_logger("rclcpp"), "Factorial of %d is [01;36m[K%ld[m[K", number,factorial);
      |                                                                       [01;36m[K~~^[m[K
      |                                                                         [01;36m[K|[m[K
      |                                                                         [01;36m[Klong int[m[K
      |                                                                       [32m[K%d[m[K
[100%] [32m[1mLinking CXX executable fact_srv[0m
[100%] Built target fact_srv
-- Install configuration: ""
-- Installing: /home/dworf/And/install/factarial/lib/factarial/fact_srv
-- Set runtime path of "/home/dworf/And/install/factarial/lib/factarial/fact_srv" to ""
-- Up-to-date: /home/dworf/And/install/factarial/lib/factarial/fact_cln
-- Up-to-date: /home/dworf/And/install/factarial/lib/factarial/client
-- Up-to-date: /home/dworf/And/install/factarial/lib/factarial/service
-- Up-to-date: /home/dworf/And/install/factarial/share/ament_index/resource_index/package_run_dependencies/factarial
-- Up-to-date: /home/dworf/And/install/factarial/share/ament_index/resource_index/parent_prefix_path/factarial
-- Up-to-date: /home/dworf/And/install/factarial/share/factarial/environment/ament_prefix_path.sh
-- Up-to-date: /home/dworf/And/install/factarial/share/factarial/environment/ament_prefix_path.dsv
-- Up-to-date: /home/dworf/And/install/factarial/share/factarial/environment/path.sh
-- Up-to-date: /home/dworf/And/install/factarial/share/factarial/environment/path.dsv
-- Up-to-date: /home/dworf/And/install/factarial/share/factarial/local_setup.bash
-- Up-to-date: /home/dworf/And/install/factarial/share/factarial/local_setup.sh
-- Up-to-date: /home/dworf/And/install/factarial/share/factarial/local_setup.zsh
-- Up-to-date: /home/dworf/And/install/factarial/share/factarial/local_setup.dsv
-- Installing: /home/dworf/And/install/factarial/share/factarial/package.dsv
-- Up-to-date: /home/dworf/And/install/factarial/share/ament_index/resource_index/packages/factarial
-- Up-to-date: /home/dworf/And/install/factarial/share/factarial/cmake/factarialConfig.cmake
-- Up-to-date: /home/dworf/And/install/factarial/share/factarial/cmake/factarialConfig-version.cmake
-- Up-to-date: /home/dworf/And/install/factarial/share/factarial/package.xml
