[0.015s] Invoking command in '/home/dworf/And/build/cpp': CMAKE_PREFIX_PATH=${CMAKE_PREFIX_PATH}:/home/dworf/test/install/drontest:/home/dworf/Firmware2/install/aerobot_gz_sim:/home/dworf/PinkDemon/install/pink_demon:/opt/ros/humble /usr/bin/cmake /home/dworf/And/src/cpp -DCMAKE_INSTALL_PREFIX=/home/dworf/And/install/cpp
[0.097s] -- The C compiler identification is GNU 11.4.0
[0.156s] -- The CXX compiler identification is GNU 11.4.0
[0.167s] -- Detecting C compiler ABI info
[0.243s] -- Detecting C compiler ABI info - done
[0.249s] -- Check for working C compiler: /usr/bin/cc - skipped
[0.250s] -- Detecting C compile features
[0.250s] -- Detecting C compile features - done
[0.253s] -- Detecting CXX compiler ABI info
[0.339s] -- Detecting CXX compiler ABI info - done
[0.345s] -- Check for working CXX compiler: /usr/bin/c++ - skipped
[0.346s] -- Detecting CXX compile features
[0.346s] -- Detecting CXX compile features - done
[0.350s] -- Found ament_cmake: 1.3.10 (/opt/ros/humble/share/ament_cmake/cmake)
[0.501s] -- Found Python3: /usr/bin/python3 (found version "3.10.12") found components: Interpreter 
[0.608s] -- Found rclcpp: 16.0.10 (/opt/ros/humble/share/rclcpp/cmake)
[0.660s] -- Found rosidl_generator_c: 3.1.5 (/opt/ros/humble/share/rosidl_generator_c/cmake)
[0.668s] -- Found rosidl_adapter: 3.1.5 (/opt/ros/humble/share/rosidl_adapter/cmake)
[0.677s] -- Found rosidl_generator_cpp: 3.1.5 (/opt/ros/humble/share/rosidl_generator_cpp/cmake)
[0.691s] -- Using all available rosidl_typesupport_c: rosidl_typesupport_fastrtps_c;rosidl_typesupport_introspection_c
[0.710s] -- Using all available rosidl_typesupport_cpp: rosidl_typesupport_fastrtps_cpp;rosidl_typesupport_introspection_cpp
[0.763s] -- Found rmw_implementation_cmake: 6.1.2 (/opt/ros/humble/share/rmw_implementation_cmake/cmake)
[0.767s] -- Found rmw_cyclonedds_cpp: 1.3.4 (/opt/ros/humble/share/rmw_cyclonedds_cpp/cmake)
[0.799s] -- Using RMW implementation 'rmw_cyclonedds_cpp' as default
[0.812s] -- Looking for pthread.h
[0.893s] -- Looking for pthread.h - found
[0.894s] -- Performing Test CMAKE_HAVE_LIBC_PTHREAD
[0.973s] -- Performing Test CMAKE_HAVE_LIBC_PTHREAD - Success
[0.974s] -- Found Threads: TRUE  
[1.024s] -- Found sensor_msgs: 4.2.4 (/opt/ros/humble/share/sensor_msgs/cmake)
[1.055s] -- Found ament_lint_auto: 0.12.11 (/opt/ros/humble/share/ament_lint_auto/cmake)
[1.132s] -- Added test 'cppcheck' to perform static code analysis on C / C++ code
[1.132s] -- Configured cppcheck include dirs: 
[1.132s] -- Configured cppcheck exclude dirs and/or files: 
[1.133s] -- Added test 'lint_cmake' to check CMake code style
[1.134s] -- Added test 'uncrustify' to check C / C++ code style
[1.134s] -- Configured uncrustify additional arguments: 
[1.134s] -- Added test 'xmllint' to check XML markup files
[1.136s] -- Configuring done
[1.146s] -- Generating done
[1.147s] -- Build files have been written to: /home/dworf/And/build/cpp
[1.155s] Invoked command in '/home/dworf/And/build/cpp' returned '0': CMAKE_PREFIX_PATH=${CMAKE_PREFIX_PATH}:/home/dworf/test/install/drontest:/home/dworf/Firmware2/install/aerobot_gz_sim:/home/dworf/PinkDemon/install/pink_demon:/opt/ros/humble /usr/bin/cmake /home/dworf/And/src/cpp -DCMAKE_INSTALL_PREFIX=/home/dworf/And/install/cpp
[1.157s] Invoking command in '/home/dworf/And/build/cpp': CMAKE_PREFIX_PATH=${CMAKE_PREFIX_PATH}:/home/dworf/test/install/drontest:/home/dworf/Firmware2/install/aerobot_gz_sim:/home/dworf/PinkDemon/install/pink_demon:/opt/ros/humble /usr/bin/cmake --build /home/dworf/And/build/cpp -- -j16 -l16
[1.211s] [ 50%] [32mBuilding CXX object CMakeFiles/sensor.dir/src/main.cpp.o[0m
[3.417s] [01m[K/home/dworf/And/src/cpp/src/main.cpp:[m[K In member function ‘[01m[Kvoid LidarCallback::lidar_circle(const LaserScan&)[m[K’:
[3.417s] [01m[K/home/dworf/And/src/cpp/src/main.cpp:25:26:[m[K [01;35m[Kwarning: [m[Kcomparison of integer expressions of different signedness: ‘[01m[Kint[m[K’ and ‘[01m[Kstd::vector<float>::size_type[m[K’ {aka ‘[01m[Klong unsigned int[m[K’} [[01;35m[K]8;;https://gcc.gnu.org/onlinedocs/gcc/Warning-Options.html#index-Wsign-compare-Wsign-compare]8;;[m[K]
[3.417s]    25 |             for(int i=0;[01;35m[Ki<msg.ranges.size()[m[K;i++){
[3.417s]       |                         [01;35m[K~^~~~~~~~~~~~~~~~~~[m[K
[8.612s] [100%] [32m[1mLinking CXX executable sensor[0m
[9.071s] [100%] Built target sensor
[9.085s] Invoked command in '/home/dworf/And/build/cpp' returned '0': CMAKE_PREFIX_PATH=${CMAKE_PREFIX_PATH}:/home/dworf/test/install/drontest:/home/dworf/Firmware2/install/aerobot_gz_sim:/home/dworf/PinkDemon/install/pink_demon:/opt/ros/humble /usr/bin/cmake --build /home/dworf/And/build/cpp -- -j16 -l16
[9.118s] Invoking command in '/home/dworf/And/build/cpp': CMAKE_PREFIX_PATH=${CMAKE_PREFIX_PATH}:/home/dworf/test/install/drontest:/home/dworf/Firmware2/install/aerobot_gz_sim:/home/dworf/PinkDemon/install/pink_demon:/opt/ros/humble /usr/bin/cmake --install /home/dworf/And/build/cpp
[9.125s] -- Install configuration: ""
[9.125s] -- Installing: /home/dworf/And/install/cpp/lib/cpp/sensor
[9.129s] -- Set runtime path of "/home/dworf/And/install/cpp/lib/cpp/sensor" to ""
[9.129s] -- Installing: /home/dworf/And/install/cpp/share/ament_index/resource_index/package_run_dependencies/cpp
[9.129s] -- Installing: /home/dworf/And/install/cpp/share/ament_index/resource_index/parent_prefix_path/cpp
[9.129s] -- Installing: /home/dworf/And/install/cpp/share/cpp/environment/ament_prefix_path.sh
[9.129s] -- Installing: /home/dworf/And/install/cpp/share/cpp/environment/ament_prefix_path.dsv
[9.130s] -- Installing: /home/dworf/And/install/cpp/share/cpp/environment/path.sh
[9.130s] -- Installing: /home/dworf/And/install/cpp/share/cpp/environment/path.dsv
[9.130s] -- Installing: /home/dworf/And/install/cpp/share/cpp/local_setup.bash
[9.130s] -- Installing: /home/dworf/And/install/cpp/share/cpp/local_setup.sh
[9.130s] -- Installing: /home/dworf/And/install/cpp/share/cpp/local_setup.zsh
[9.130s] -- Installing: /home/dworf/And/install/cpp/share/cpp/local_setup.dsv
[9.130s] -- Installing: /home/dworf/And/install/cpp/share/cpp/package.dsv
[9.130s] -- Installing: /home/dworf/And/install/cpp/share/ament_index/resource_index/packages/cpp
[9.131s] -- Installing: /home/dworf/And/install/cpp/share/cpp/cmake/cppConfig.cmake
[9.131s] -- Installing: /home/dworf/And/install/cpp/share/cpp/cmake/cppConfig-version.cmake
[9.131s] -- Installing: /home/dworf/And/install/cpp/share/cpp/package.xml
[9.134s] Invoked command in '/home/dworf/And/build/cpp' returned '0': CMAKE_PREFIX_PATH=${CMAKE_PREFIX_PATH}:/home/dworf/test/install/drontest:/home/dworf/Firmware2/install/aerobot_gz_sim:/home/dworf/PinkDemon/install/pink_demon:/opt/ros/humble /usr/bin/cmake --install /home/dworf/And/build/cpp
