[35m[1mConsolidate compiler generated dependencies of target fact_cln[0m
[35m[1mConsolidate compiler generated dependencies of target fact_srv[0m
[ 25%] [32mBuilding CXX object CMakeFiles/fact_cln.dir/src/factCNT.cpp.o[0m
[ 75%] Built target fact_srv
In file included from [01m[K/opt/ros/humble/include/rclcpp/rclcpp/logging.hpp:24[m[K,
                 from [01m[K/opt/ros/humble/include/rclcpp/rclcpp/client.hpp:40[m[K,
                 from [01m[K/opt/ros/humble/include/rclcpp/rclcpp/callback_group.hpp:24[m[K,
                 from [01m[K/opt/ros/humble/include/rclcpp/rclcpp/any_executable.hpp:20[m[K,
                 from [01m[K/opt/ros/humble/include/rclcpp/rclcpp/memory_strategy.hpp:25[m[K,
                 from [01m[K/opt/ros/humble/include/rclcpp/rclcpp/memory_strategies.hpp:18[m[K,
                 from [01m[K/opt/ros/humble/include/rclcpp/rclcpp/executor_options.hpp:20[m[K,
                 from [01m[K/opt/ros/humble/include/rclcpp/rclcpp/executor.hpp:37[m[K,
                 from [01m[K/opt/ros/humble/include/rclcpp/rclcpp/executors/multi_threaded_executor.hpp:25[m[K,
                 from [01m[K/opt/ros/humble/include/rclcpp/rclcpp/executors.hpp:21[m[K,
                 from [01m[K/opt/ros/humble/include/rclcpp/rclcpp/rclcpp.hpp:155[m[K,
                 from [01m[K/home/dworf/And/src/factarial/src/factCNT.cpp:1[m[K:
[01m[K/home/dworf/And/src/factarial/src/factCNT.cpp:[m[K In function ‘[01m[Kint main(int, char**)[m[K’:
[01m[K/home/dworf/And/src/factarial/src/factCNT.cpp:27:51:[m[K [01;35m[Kwarning: [m[Kformat ‘[01m[K%d[m[K’ expects argument of type ‘[01m[Kint[m[K’, but argument 5 has type ‘[01m[Ktest_msgs::srv::Fact_Request_<std::allocator<void> >::_numb_type[m[K’ {aka ‘[01m[Klong int[m[K’} [[01;35m[K]8;;https://gcc.gnu.org/onlinedocs/gcc/Warning-Options.html#index-Wformat=-Wformat=]8;;[m[K]
   27 |         RCLCPP_INFO(rclcpp::get_logger("rclcpp"), [01;35m[K"Factorial of %d is %d"[m[K, [32m[Krequest->numb[m[K, result.get()->result);
      |                                                   [01;35m[K^~~~~~~~~~~~~~~~~~~~~~~[m[K  [32m[K~~~~~~~~~~~~~[m[K
      |                                                                                     [32m[K|[m[K
      |                                                                                     [32m[Ktest_msgs::srv::Fact_Request_<std::allocator<void> >::_numb_type {aka long int}[m[K
[01m[K/home/dworf/And/src/factarial/src/factCNT.cpp:27:66:[m[K [01;36m[Knote: [m[Kformat string is defined here
   27 |         RCLCPP_INFO(rclcpp::get_logger("rclcpp"), "Factorial of [01;36m[K%d[m[K is %d", request->numb, result.get()->result);
      |                                                                 [01;36m[K~^[m[K
      |                                                                  [01;36m[K|[m[K
      |                                                                  [01;36m[Kint[m[K
      |                                                                 [32m[K%ld[m[K
In file included from [01m[K/opt/ros/humble/include/rclcpp/rclcpp/logging.hpp:24[m[K,
                 from [01m[K/opt/ros/humble/include/rclcpp/rclcpp/client.hpp:40[m[K,
                 from [01m[K/opt/ros/humble/include/rclcpp/rclcpp/callback_group.hpp:24[m[K,
                 from [01m[K/opt/ros/humble/include/rclcpp/rclcpp/any_executable.hpp:20[m[K,
                 from [01m[K/opt/ros/humble/include/rclcpp/rclcpp/memory_strategy.hpp:25[m[K,
                 from [01m[K/opt/ros/humble/include/rclcpp/rclcpp/memory_strategies.hpp:18[m[K,
                 from [01m[K/opt/ros/humble/include/rclcpp/rclcpp/executor_options.hpp:20[m[K,
                 from [01m[K/opt/ros/humble/include/rclcpp/rclcpp/executor.hpp:37[m[K,
                 from [01m[K/opt/ros/humble/include/rclcpp/rclcpp/executors/multi_threaded_executor.hpp:25[m[K,
                 from [01m[K/opt/ros/humble/include/rclcpp/rclcpp/executors.hpp:21[m[K,
                 from [01m[K/opt/ros/humble/include/rclcpp/rclcpp/rclcpp.hpp:155[m[K,
                 from [01m[K/home/dworf/And/src/factarial/src/factCNT.cpp:1[m[K:
[01m[K/home/dworf/And/src/factarial/src/factCNT.cpp:27:51:[m[K [01;35m[Kwarning: [m[Kformat ‘[01m[K%d[m[K’ expects argument of type ‘[01m[Kint[m[K’, but argument 6 has type ‘[01m[Ktest_msgs::srv::Fact_Response_<std::allocator<void> >::_result_type[m[K’ {aka ‘[01m[Klong int[m[K’} [[01;35m[K]8;;https://gcc.gnu.org/onlinedocs/gcc/Warning-Options.html#index-Wformat=-Wformat=]8;;[m[K]
   27 |         RCLCPP_INFO(rclcpp::get_logger("rclcpp"), [01;35m[K"Factorial of %d is %d"[m[K, request->numb, [32m[Kresult.get()->result[m[K);
      |                                                   [01;35m[K^~~~~~~~~~~~~~~~~~~~~~~[m[K                 [32m[K~~~~~~~~~~~~~~~~~~~~[m[K
      |                                                                                                         [32m[K|[m[K
      |                                                                                                         [32m[Ktest_msgs::srv::Fact_Response_<std::allocator<void> >::_result_type {aka long int}[m[K
[01m[K/home/dworf/And/src/factarial/src/factCNT.cpp:27:72:[m[K [01;36m[Knote: [m[Kformat string is defined here
   27 |         RCLCPP_INFO(rclcpp::get_logger("rclcpp"), "Factorial of %d is [01;36m[K%d[m[K", request->numb, result.get()->result);
      |                                                                       [01;36m[K~^[m[K
      |                                                                        [01;36m[K|[m[K
      |                                                                        [01;36m[Kint[m[K
      |                                                                       [32m[K%ld[m[K
[100%] [32m[1mLinking CXX executable fact_cln[0m
[100%] Built target fact_cln
-- Install configuration: ""
-- Up-to-date: /home/dworf/And/install/factarial/lib/factarial/fact_srv
-- Installing: /home/dworf/And/install/factarial/lib/factarial/fact_cln
-- Set runtime path of "/home/dworf/And/install/factarial/lib/factarial/fact_cln" to ""
-- Up-to-date: /home/dworf/And/install/factarial/share/ament_index/resource_index/package_run_dependencies/factarial
-- Up-to-date: /home/dworf/And/install/factarial/share/ament_index/resource_index/parent_prefix_path/factarial
-- Up-to-date: /home/dworf/And/install/factarial/share/factarial/environment/ament_prefix_path.sh
-- Up-to-date: /home/dworf/And/install/factarial/share/factarial/environment/ament_prefix_path.dsv
-- Up-to-date: /home/dworf/And/install/factarial/share/factarial/environment/path.sh
-- Up-to-date: /home/dworf/And/install/factarial/share/factarial/environment/path.dsv
-- Up-to-date: /home/dworf/And/install/factarial/share/factarial/local_setup.bash
-- Up-to-date: /home/dworf/And/install/factarial/share/factarial/local_setup.sh
-- Up-to-date: /home/dworf/And/install/factarial/share/factarial/local_setup.zsh
-- Up-to-date: /home/dworf/And/install/factarial/share/factarial/local_setup.dsv
-- Installing: /home/dworf/And/install/factarial/share/factarial/package.dsv
-- Up-to-date: /home/dworf/And/install/factarial/share/ament_index/resource_index/packages/factarial
-- Up-to-date: /home/dworf/And/install/factarial/share/factarial/cmake/factarialConfig.cmake
-- Up-to-date: /home/dworf/And/install/factarial/share/factarial/cmake/factarialConfig-version.cmake
-- Up-to-date: /home/dworf/And/install/factarial/share/factarial/package.xml
