[0.034s] Invoking command in '/home/dworf/And/build/factarial': CMAKE_PREFIX_PATH=${CMAKE_PREFIX_PATH}:/home/dworf/test/install/drontest:/home/dworf/Firmware2/install/aerobot_gz_sim:/home/dworf/PinkDemon/install/pink_demon:/opt/ros/humble /usr/bin/cmake --build /home/dworf/And/build/factarial -- -j16 -l16
[0.142s] [35m[1mConsolidate compiler generated dependencies of target fact_cln[0m
[0.143s] [35m[1mConsolidate compiler generated dependencies of target fact_srv[0m
[0.192s] [ 25%] [32mBuilding CXX object CMakeFiles/fact_cln.dir/src/factCNT.cpp.o[0m
[0.192s] [ 75%] Built target fact_srv
[5.197s] In file included from [01m[K/opt/ros/humble/include/rclcpp/rclcpp/logging.hpp:24[m[K,
[5.198s]                  from [01m[K/opt/ros/humble/include/rclcpp/rclcpp/client.hpp:40[m[K,
[5.198s]                  from [01m[K/opt/ros/humble/include/rclcpp/rclcpp/callback_group.hpp:24[m[K,
[5.198s]                  from [01m[K/opt/ros/humble/include/rclcpp/rclcpp/any_executable.hpp:20[m[K,
[5.198s]                  from [01m[K/opt/ros/humble/include/rclcpp/rclcpp/memory_strategy.hpp:25[m[K,
[5.198s]                  from [01m[K/opt/ros/humble/include/rclcpp/rclcpp/memory_strategies.hpp:18[m[K,
[5.198s]                  from [01m[K/opt/ros/humble/include/rclcpp/rclcpp/executor_options.hpp:20[m[K,
[5.199s]                  from [01m[K/opt/ros/humble/include/rclcpp/rclcpp/executor.hpp:37[m[K,
[5.199s]                  from [01m[K/opt/ros/humble/include/rclcpp/rclcpp/executors/multi_threaded_executor.hpp:25[m[K,
[5.199s]                  from [01m[K/opt/ros/humble/include/rclcpp/rclcpp/executors.hpp:21[m[K,
[5.199s]                  from [01m[K/opt/ros/humble/include/rclcpp/rclcpp/rclcpp.hpp:155[m[K,
[5.199s]                  from [01m[K/home/dworf/And/src/factarial/src/factCNT.cpp:1[m[K:
[5.199s] [01m[K/home/dworf/And/src/factarial/src/factCNT.cpp:[m[K In function ‘[01m[Kint main(int, char**)[m[K’:
[5.200s] [01m[K/home/dworf/And/src/factarial/src/factCNT.cpp:27:51:[m[K [01;35m[Kwarning: [m[Kformat ‘[01m[K%d[m[K’ expects argument of type ‘[01m[Kint[m[K’, but argument 5 has type ‘[01m[Ktest_msgs::srv::Fact_Request_<std::allocator<void> >::_numb_type[m[K’ {aka ‘[01m[Klong int[m[K’} [[01;35m[K]8;;https://gcc.gnu.org/onlinedocs/gcc/Warning-Options.html#index-Wformat=-Wformat=]8;;[m[K]
[5.200s]    27 |         RCLCPP_INFO(rclcpp::get_logger("rclcpp"), [01;35m[K"Factorial of %d is %d"[m[K, [32m[Krequest->numb[m[K, result.get()->result);
[5.200s]       |                                                   [01;35m[K^~~~~~~~~~~~~~~~~~~~~~~[m[K  [32m[K~~~~~~~~~~~~~[m[K
[5.200s]       |                                                                                     [32m[K|[m[K
[5.200s]       |                                                                                     [32m[Ktest_msgs::srv::Fact_Request_<std::allocator<void> >::_numb_type {aka long int}[m[K
[5.200s] [01m[K/home/dworf/And/src/factarial/src/factCNT.cpp:27:66:[m[K [01;36m[Knote: [m[Kformat string is defined here
[5.200s]    27 |         RCLCPP_INFO(rclcpp::get_logger("rclcpp"), "Factorial of [01;36m[K%d[m[K is %d", request->numb, result.get()->result);
[5.201s]       |                                                                 [01;36m[K~^[m[K
[5.201s]       |                                                                  [01;36m[K|[m[K
[5.201s]       |                                                                  [01;36m[Kint[m[K
[5.201s]       |                                                                 [32m[K%ld[m[K
[5.201s] In file included from [01m[K/opt/ros/humble/include/rclcpp/rclcpp/logging.hpp:24[m[K,
[5.201s]                  from [01m[K/opt/ros/humble/include/rclcpp/rclcpp/client.hpp:40[m[K,
[5.202s]                  from [01m[K/opt/ros/humble/include/rclcpp/rclcpp/callback_group.hpp:24[m[K,
[5.202s]                  from [01m[K/opt/ros/humble/include/rclcpp/rclcpp/any_executable.hpp:20[m[K,
[5.202s]                  from [01m[K/opt/ros/humble/include/rclcpp/rclcpp/memory_strategy.hpp:25[m[K,
[5.202s]                  from [01m[K/opt/ros/humble/include/rclcpp/rclcpp/memory_strategies.hpp:18[m[K,
[5.202s]                  from [01m[K/opt/ros/humble/include/rclcpp/rclcpp/executor_options.hpp:20[m[K,
[5.202s]                  from [01m[K/opt/ros/humble/include/rclcpp/rclcpp/executor.hpp:37[m[K,
[5.202s]                  from [01m[K/opt/ros/humble/include/rclcpp/rclcpp/executors/multi_threaded_executor.hpp:25[m[K,
[5.202s]                  from [01m[K/opt/ros/humble/include/rclcpp/rclcpp/executors.hpp:21[m[K,
[5.203s]                  from [01m[K/opt/ros/humble/include/rclcpp/rclcpp/rclcpp.hpp:155[m[K,
[5.203s]                  from [01m[K/home/dworf/And/src/factarial/src/factCNT.cpp:1[m[K:
[5.203s] [01m[K/home/dworf/And/src/factarial/src/factCNT.cpp:27:51:[m[K [01;35m[Kwarning: [m[Kformat ‘[01m[K%d[m[K’ expects argument of type ‘[01m[Kint[m[K’, but argument 6 has type ‘[01m[Ktest_msgs::srv::Fact_Response_<std::allocator<void> >::_result_type[m[K’ {aka ‘[01m[Klong int[m[K’} [[01;35m[K]8;;https://gcc.gnu.org/onlinedocs/gcc/Warning-Options.html#index-Wformat=-Wformat=]8;;[m[K]
[5.203s]    27 |         RCLCPP_INFO(rclcpp::get_logger("rclcpp"), [01;35m[K"Factorial of %d is %d"[m[K, request->numb, [32m[Kresult.get()->result[m[K);
[5.203s]       |                                                   [01;35m[K^~~~~~~~~~~~~~~~~~~~~~~[m[K                 [32m[K~~~~~~~~~~~~~~~~~~~~[m[K
[5.203s]       |                                                                                                         [32m[K|[m[K
[5.203s]       |                                                                                                         [32m[Ktest_msgs::srv::Fact_Response_<std::allocator<void> >::_result_type {aka long int}[m[K
[5.203s] [01m[K/home/dworf/And/src/factarial/src/factCNT.cpp:27:72:[m[K [01;36m[Knote: [m[Kformat string is defined here
[5.204s]    27 |         RCLCPP_INFO(rclcpp::get_logger("rclcpp"), "Factorial of %d is [01;36m[K%d[m[K", request->numb, result.get()->result);
[5.204s]       |                                                                       [01;36m[K~^[m[K
[5.204s]       |                                                                        [01;36m[K|[m[K
[5.204s]       |                                                                        [01;36m[Kint[m[K
[5.204s]       |                                                                       [32m[K%ld[m[K
[6.719s] [100%] [32m[1mLinking CXX executable fact_cln[0m
[6.898s] [100%] Built target fact_cln
[6.914s] Invoked command in '/home/dworf/And/build/factarial' returned '0': CMAKE_PREFIX_PATH=${CMAKE_PREFIX_PATH}:/home/dworf/test/install/drontest:/home/dworf/Firmware2/install/aerobot_gz_sim:/home/dworf/PinkDemon/install/pink_demon:/opt/ros/humble /usr/bin/cmake --build /home/dworf/And/build/factarial -- -j16 -l16
[6.958s] Invoking command in '/home/dworf/And/build/factarial': CMAKE_PREFIX_PATH=${CMAKE_PREFIX_PATH}:/home/dworf/test/install/drontest:/home/dworf/Firmware2/install/aerobot_gz_sim:/home/dworf/PinkDemon/install/pink_demon:/opt/ros/humble /usr/bin/cmake --install /home/dworf/And/build/factarial
[6.967s] -- Install configuration: ""
[6.967s] -- Up-to-date: /home/dworf/And/install/factarial/lib/factarial/fact_srv
[6.967s] -- Installing: /home/dworf/And/install/factarial/lib/factarial/fact_cln
[6.969s] -- Set runtime path of "/home/dworf/And/install/factarial/lib/factarial/fact_cln" to ""
[6.969s] -- Up-to-date: /home/dworf/And/install/factarial/share/ament_index/resource_index/package_run_dependencies/factarial
[6.969s] -- Up-to-date: /home/dworf/And/install/factarial/share/ament_index/resource_index/parent_prefix_path/factarial
[6.969s] -- Up-to-date: /home/dworf/And/install/factarial/share/factarial/environment/ament_prefix_path.sh
[6.970s] -- Up-to-date: /home/dworf/And/install/factarial/share/factarial/environment/ament_prefix_path.dsv
[6.970s] -- Up-to-date: /home/dworf/And/install/factarial/share/factarial/environment/path.sh
[6.970s] -- Up-to-date: /home/dworf/And/install/factarial/share/factarial/environment/path.dsv
[6.970s] -- Up-to-date: /home/dworf/And/install/factarial/share/factarial/local_setup.bash
[6.970s] -- Up-to-date: /home/dworf/And/install/factarial/share/factarial/local_setup.sh
[6.970s] -- Up-to-date: /home/dworf/And/install/factarial/share/factarial/local_setup.zsh
[6.970s] -- Up-to-date: /home/dworf/And/install/factarial/share/factarial/local_setup.dsv
[6.970s] -- Installing: /home/dworf/And/install/factarial/share/factarial/package.dsv
[6.971s] -- Up-to-date: /home/dworf/And/install/factarial/share/ament_index/resource_index/packages/factarial
[6.971s] -- Up-to-date: /home/dworf/And/install/factarial/share/factarial/cmake/factarialConfig.cmake
[6.971s] -- Up-to-date: /home/dworf/And/install/factarial/share/factarial/cmake/factarialConfig-version.cmake
[6.971s] -- Up-to-date: /home/dworf/And/install/factarial/share/factarial/package.xml
[6.973s] Invoked command in '/home/dworf/And/build/factarial' returned '0': CMAKE_PREFIX_PATH=${CMAKE_PREFIX_PATH}:/home/dworf/test/install/drontest:/home/dworf/Firmware2/install/aerobot_gz_sim:/home/dworf/PinkDemon/install/pink_demon:/opt/ros/humble /usr/bin/cmake --install /home/dworf/And/build/factarial
